{"/Users/Patrick_Marques_Meliciano/Desktop/DogWalkAPI/app.js": {"path":"/Users/Patrick_Marques_Meliciano/Desktop/DogWalkAPI/app.js","statementMap":{"0":{"start":{"line":12,"column":0},"end":{"line":12,"column":79}},"1":{"start":{"line":14,"column":12},"end":{"line":14,"column":21}},"2":{"start":{"line":16,"column":23},"end":{"line":41,"column":1}},"3":{"start":{"line":43,"column":20},"end":{"line":43,"column":48}},"4":{"start":{"line":44,"column":0},"end":{"line":44,"column":68}},"5":{"start":{"line":51,"column":0},"end":{"line":53,"column":1}},"6":{"start":{"line":52,"column":1},"end":{"line":52,"column":24}},"7":{"start":{"line":55,"column":0},"end":{"line":55,"column":24}},"8":{"start":{"line":56,"column":0},"end":{"line":56,"column":49}},"9":{"start":{"line":58,"column":0},"end":{"line":58,"column":26}},"10":{"start":{"line":59,"column":0},"end":{"line":59,"column":31}},"11":{"start":{"line":60,"column":0},"end":{"line":60,"column":29}},"12":{"start":{"line":61,"column":0},"end":{"line":61,"column":31}},"13":{"start":{"line":64,"column":0},"end":{"line":66,"column":3}},"14":{"start":{"line":65,"column":1},"end":{"line":65,"column":24}},"15":{"start":{"line":69,"column":0},"end":{"line":77,"column":3}},"16":{"start":{"line":71,"column":1},"end":{"line":71,"column":34}},"17":{"start":{"line":72,"column":1},"end":{"line":72,"column":68}},"18":{"start":{"line":75,"column":1},"end":{"line":75,"column":31}},"19":{"start":{"line":76,"column":1},"end":{"line":76,"column":23}}},"fnMap":{"0":{"name":"(anonymous_0)","decl":{"start":{"line":64,"column":8},"end":{"line":64,"column":9}},"loc":{"start":{"line":64,"column":34},"end":{"line":66,"column":1}},"line":64},"1":{"name":"(anonymous_1)","decl":{"start":{"line":69,"column":8},"end":{"line":69,"column":9}},"loc":{"start":{"line":69,"column":39},"end":{"line":77,"column":1}},"line":69}},"branchMap":{"0":{"loc":{"start":{"line":12,"column":17},"end":{"line":12,"column":77}},"type":"binary-expr","locations":[{"start":{"line":12,"column":17},"end":{"line":12,"column":41}},{"start":{"line":12,"column":45},"end":{"line":12,"column":77}}],"line":12},"1":{"loc":{"start":{"line":51,"column":0},"end":{"line":53,"column":1}},"type":"if","locations":[{"start":{"line":51,"column":0},"end":{"line":53,"column":1}},{"start":{},"end":{}}],"line":51},"2":{"loc":{"start":{"line":72,"column":20},"end":{"line":72,"column":67}},"type":"cond-expr","locations":[{"start":{"line":72,"column":59},"end":{"line":72,"column":62}},{"start":{"line":72,"column":65},"end":{"line":72,"column":67}}],"line":72},"3":{"loc":{"start":{"line":75,"column":12},"end":{"line":75,"column":29}},"type":"binary-expr","locations":[{"start":{"line":75,"column":12},"end":{"line":75,"column":22}},{"start":{"line":75,"column":26},"end":{"line":75,"column":29}}],"line":75}},"s":{"0":4,"1":4,"2":4,"3":4,"4":4,"5":4,"6":0,"7":4,"8":4,"9":4,"10":4,"11":4,"12":4,"13":4,"14":3,"15":4,"16":5,"17":5,"18":5,"19":5},"f":{"0":3,"1":5},"b":{"0":[4,0],"1":[0,4],"2":[0,5],"3":[5,2]},"_coverageSchema":"1a1c01bbd47fc00a2c39e90264f33305004495a9","hash":"87820763e919a7b7178b44d1c849c5250a976700"}
,"/Users/Patrick_Marques_Meliciano/Desktop/DogWalkAPI/config.js": {"path":"/Users/Patrick_Marques_Meliciano/Desktop/DogWalkAPI/config.js","statementMap":{"0":{"start":{"line":1,"column":20},"end":{"line":1,"column":46}},"1":{"start":{"line":2,"column":23},"end":{"line":2,"column":73}}},"fnMap":{},"branchMap":{"0":{"loc":{"start":{"line":1,"column":20},"end":{"line":1,"column":46}},"type":"binary-expr","locations":[{"start":{"line":1,"column":20},"end":{"line":1,"column":36}},{"start":{"line":1,"column":40},"end":{"line":1,"column":46}}],"line":1},"1":{"loc":{"start":{"line":2,"column":23},"end":{"line":2,"column":73}},"type":"binary-expr","locations":[{"start":{"line":2,"column":23},"end":{"line":2,"column":43}},{"start":{"line":2,"column":47},"end":{"line":2,"column":73}}],"line":2}},"s":{"0":4,"1":4},"f":{},"b":{"0":[4,4],"1":[4,4]},"_coverageSchema":"1a1c01bbd47fc00a2c39e90264f33305004495a9","hash":"d0035b3bd21dfbcfa371a4dc97ad9f1db186a088"}
,"/Users/Patrick_Marques_Meliciano/Desktop/DogWalkAPI/messaging.js": {"path":"/Users/Patrick_Marques_Meliciano/Desktop/DogWalkAPI/messaging.js","statementMap":{"0":{"start":{"line":4,"column":14},"end":{"line":4,"column":56}},"1":{"start":{"line":6,"column":16},"end":{"line":6,"column":18}},"2":{"start":{"line":9,"column":2},"end":{"line":9,"column":37}},"3":{"start":{"line":10,"column":14},"end":{"line":12,"column":4}},"4":{"start":{"line":15,"column":2},"end":{"line":41,"column":5}},"5":{"start":{"line":16,"column":4},"end":{"line":16,"column":44}},"6":{"start":{"line":19,"column":4},"end":{"line":19,"column":21}},"7":{"start":{"line":22,"column":4},"end":{"line":34,"column":7}},"8":{"start":{"line":25,"column":6},"end":{"line":30,"column":7}},"9":{"start":{"line":26,"column":8},"end":{"line":26,"column":44}},"10":{"start":{"line":29,"column":8},"end":{"line":29,"column":66}},"11":{"start":{"line":33,"column":6},"end":{"line":33,"column":43}},"12":{"start":{"line":37,"column":4},"end":{"line":40,"column":7}},"13":{"start":{"line":38,"column":6},"end":{"line":38,"column":45}},"14":{"start":{"line":39,"column":6},"end":{"line":39,"column":45}},"15":{"start":{"line":45,"column":2},"end":{"line":47,"column":4}},"16":{"start":{"line":50,"column":2},"end":{"line":52,"column":5}},"17":{"start":{"line":51,"column":4},"end":{"line":51,"column":43}},"18":{"start":{"line":56,"column":2},"end":{"line":56,"column":66}}},"fnMap":{"0":{"name":"createWebSocketServer","decl":{"start":{"line":8,"column":16},"end":{"line":8,"column":37}},"loc":{"start":{"line":8,"column":50},"end":{"line":42,"column":1}},"line":8},"1":{"name":"(anonymous_1)","decl":{"start":{"line":15,"column":23},"end":{"line":15,"column":24}},"loc":{"start":{"line":15,"column":37},"end":{"line":41,"column":3}},"line":15},"2":{"name":"(anonymous_2)","decl":{"start":{"line":22,"column":21},"end":{"line":22,"column":22}},"loc":{"start":{"line":22,"column":34},"end":{"line":34,"column":5}},"line":22},"3":{"name":"(anonymous_3)","decl":{"start":{"line":37,"column":19},"end":{"line":37,"column":20}},"loc":{"start":{"line":37,"column":25},"end":{"line":40,"column":5}},"line":37},"4":{"name":"broadcastMessage","decl":{"start":{"line":44,"column":16},"end":{"line":44,"column":32}},"loc":{"start":{"line":44,"column":42},"end":{"line":53,"column":1}},"line":44},"5":{"name":"(anonymous_5)","decl":{"start":{"line":50,"column":18},"end":{"line":50,"column":19}},"loc":{"start":{"line":50,"column":30},"end":{"line":52,"column":3}},"line":50},"6":{"name":"onMessageReceived","decl":{"start":{"line":55,"column":9},"end":{"line":55,"column":26}},"loc":{"start":{"line":55,"column":40},"end":{"line":58,"column":1}},"line":55}},"branchMap":{},"s":{"0":4,"1":4,"2":0,"3":0,"4":0,"5":0,"6":0,"7":0,"8":0,"9":0,"10":0,"11":0,"12":0,"13":0,"14":0,"15":0,"16":0,"17":0,"18":0},"f":{"0":0,"1":0,"2":0,"3":0,"4":0,"5":0,"6":0},"b":{},"_coverageSchema":"1a1c01bbd47fc00a2c39e90264f33305004495a9","hash":"bd2c34391a34d06d1c5badb8f66d83a00c5626d1"}
,"/Users/Patrick_Marques_Meliciano/Desktop/DogWalkAPI/models/dog.js": {"path":"/Users/Patrick_Marques_Meliciano/Desktop/DogWalkAPI/models/dog.js","statementMap":{"0":{"start":{"line":50,"column":15},"end":{"line":50,"column":30}},"1":{"start":{"line":52,"column":17},"end":{"line":52,"column":40}},"2":{"start":{"line":54,"column":18},"end":{"line":138,"column":2}},"3":{"start":{"line":80,"column":16},"end":{"line":82,"column":17}},"4":{"start":{"line":81,"column":20},"end":{"line":81,"column":73}},"5":{"start":{"line":85,"column":44},"end":{"line":85,"column":46}},"6":{"start":{"line":86,"column":16},"end":{"line":92,"column":17}},"7":{"start":{"line":87,"column":33},"end":{"line":87,"column":89}},"8":{"start":{"line":88,"column":20},"end":{"line":91,"column":21}},"9":{"start":{"line":90,"column":24},"end":{"line":90,"column":55}},"10":{"start":{"line":94,"column":16},"end":{"line":96,"column":17}},"11":{"start":{"line":95,"column":20},"end":{"line":95,"column":89}},"12":{"start":{"line":98,"column":16},"end":{"line":100,"column":17}},"13":{"start":{"line":99,"column":20},"end":{"line":99,"column":89}},"14":{"start":{"line":102,"column":16},"end":{"line":102,"column":28}},"15":{"start":{"line":116,"column":44},"end":{"line":116,"column":46}},"16":{"start":{"line":117,"column":16},"end":{"line":123,"column":17}},"17":{"start":{"line":118,"column":33},"end":{"line":118,"column":88}},"18":{"start":{"line":119,"column":20},"end":{"line":122,"column":21}},"19":{"start":{"line":121,"column":24},"end":{"line":121,"column":55}},"20":{"start":{"line":125,"column":16},"end":{"line":127,"column":17}},"21":{"start":{"line":126,"column":20},"end":{"line":126,"column":88}},"22":{"start":{"line":129,"column":16},"end":{"line":131,"column":17}},"23":{"start":{"line":130,"column":20},"end":{"line":130,"column":88}},"24":{"start":{"line":133,"column":16},"end":{"line":133,"column":28}}},"fnMap":{"0":{"name":"(anonymous_0)","decl":{"start":{"line":79,"column":23},"end":{"line":79,"column":24}},"loc":{"start":{"line":79,"column":46},"end":{"line":103,"column":13}},"line":79},"1":{"name":"(anonymous_1)","decl":{"start":{"line":114,"column":23},"end":{"line":114,"column":24}},"loc":{"start":{"line":114,"column":46},"end":{"line":134,"column":13}},"line":114}},"branchMap":{"0":{"loc":{"start":{"line":80,"column":16},"end":{"line":82,"column":17}},"type":"if","locations":[{"start":{"line":80,"column":16},"end":{"line":82,"column":17}},{"start":{},"end":{}}],"line":80},"1":{"loc":{"start":{"line":80,"column":20},"end":{"line":80,"column":63}},"type":"binary-expr","locations":[{"start":{"line":80,"column":20},"end":{"line":80,"column":41}},{"start":{"line":80,"column":45},"end":{"line":80,"column":63}}],"line":80},"2":{"loc":{"start":{"line":88,"column":20},"end":{"line":91,"column":21}},"type":"if","locations":[{"start":{"line":88,"column":20},"end":{"line":91,"column":21}},{"start":{},"end":{}}],"line":88},"3":{"loc":{"start":{"line":94,"column":16},"end":{"line":96,"column":17}},"type":"if","locations":[{"start":{"line":94,"column":16},"end":{"line":96,"column":17}},{"start":{},"end":{}}],"line":94},"4":{"loc":{"start":{"line":98,"column":16},"end":{"line":100,"column":17}},"type":"if","locations":[{"start":{"line":98,"column":16},"end":{"line":100,"column":17}},{"start":{},"end":{}}],"line":98},"5":{"loc":{"start":{"line":119,"column":20},"end":{"line":122,"column":21}},"type":"if","locations":[{"start":{"line":119,"column":20},"end":{"line":122,"column":21}},{"start":{},"end":{}}],"line":119},"6":{"loc":{"start":{"line":125,"column":16},"end":{"line":127,"column":17}},"type":"if","locations":[{"start":{"line":125,"column":16},"end":{"line":127,"column":17}},{"start":{},"end":{}}],"line":125},"7":{"loc":{"start":{"line":129,"column":16},"end":{"line":131,"column":17}},"type":"if","locations":[{"start":{"line":129,"column":16},"end":{"line":131,"column":17}},{"start":{},"end":{}}],"line":129}},"s":{"0":4,"1":4,"2":4,"3":1,"4":1,"5":0,"6":0,"7":0,"8":0,"9":0,"10":0,"11":0,"12":0,"13":0,"14":0,"15":1,"16":1,"17":0,"18":0,"19":0,"20":1,"21":0,"22":1,"23":0,"24":1},"f":{"0":1,"1":1},"b":{"0":[1,0],"1":[1,1],"2":[0,0],"3":[0,0],"4":[0,0],"5":[0,0],"6":[0,1],"7":[0,1]},"_coverageSchema":"1a1c01bbd47fc00a2c39e90264f33305004495a9","hash":"2ec2940872af4f22872289c743fb05a1b561f795"}
,"/Users/Patrick_Marques_Meliciano/Desktop/DogWalkAPI/models/user.js": {"path":"/Users/Patrick_Marques_Meliciano/Desktop/DogWalkAPI/models/user.js","statementMap":{"0":{"start":{"line":72,"column":15},"end":{"line":72,"column":30}},"1":{"start":{"line":74,"column":19},"end":{"line":139,"column":5}},"2":{"start":{"line":127,"column":17},"end":{"line":127,"column":76}},"3":{"start":{"line":128,"column":4},"end":{"line":134,"column":5}},"4":{"start":{"line":130,"column":5},"end":{"line":132,"column":6}},"5":{"start":{"line":131,"column":6},"end":{"line":131,"column":18}},"6":{"start":{"line":133,"column":5},"end":{"line":133,"column":58}},"7":{"start":{"line":136,"column":4},"end":{"line":136,"column":16}}},"fnMap":{"0":{"name":"(anonymous_0)","decl":{"start":{"line":126,"column":14},"end":{"line":126,"column":15}},"loc":{"start":{"line":126,"column":37},"end":{"line":137,"column":4}},"line":126}},"branchMap":{"0":{"loc":{"start":{"line":128,"column":4},"end":{"line":134,"column":5}},"type":"if","locations":[{"start":{"line":128,"column":4},"end":{"line":134,"column":5}},{"start":{},"end":{}}],"line":128},"1":{"loc":{"start":{"line":130,"column":5},"end":{"line":132,"column":6}},"type":"if","locations":[{"start":{"line":130,"column":5},"end":{"line":132,"column":6}},{"start":{},"end":{}}],"line":130}},"s":{"0":4,"1":4,"2":0,"3":0,"4":0,"5":0,"6":0,"7":0},"f":{"0":0},"b":{"0":[0,0],"1":[0,0]},"_coverageSchema":"1a1c01bbd47fc00a2c39e90264f33305004495a9","hash":"e72f07e9d77d26998c0168654bef73d569156a20"}
,"/Users/Patrick_Marques_Meliciano/Desktop/DogWalkAPI/models/walk.js": {"path":"/Users/Patrick_Marques_Meliciano/Desktop/DogWalkAPI/models/walk.js","statementMap":{"0":{"start":{"line":43,"column":15},"end":{"line":43,"column":30}},"1":{"start":{"line":45,"column":19},"end":{"line":84,"column":2}},"2":{"start":{"line":75,"column":17},"end":{"line":75,"column":76}},"3":{"start":{"line":76,"column":4},"end":{"line":78,"column":5}},"4":{"start":{"line":77,"column":5},"end":{"line":77,"column":58}},"5":{"start":{"line":80,"column":4},"end":{"line":80,"column":16}}},"fnMap":{"0":{"name":"(anonymous_0)","decl":{"start":{"line":73,"column":14},"end":{"line":73,"column":15}},"loc":{"start":{"line":73,"column":37},"end":{"line":81,"column":4}},"line":73}},"branchMap":{"0":{"loc":{"start":{"line":76,"column":4},"end":{"line":78,"column":5}},"type":"if","locations":[{"start":{"line":76,"column":4},"end":{"line":78,"column":5}},{"start":{},"end":{}}],"line":76}},"s":{"0":4,"1":4,"2":0,"3":0,"4":0,"5":0},"f":{"0":0},"b":{"0":[0,0]},"_coverageSchema":"1a1c01bbd47fc00a2c39e90264f33305004495a9","hash":"a2576ec1805cbe0d5ed818c435372d96b9bb1057"}
,"/Users/Patrick_Marques_Meliciano/Desktop/DogWalkAPI/routes/dogs.js": {"path":"/Users/Patrick_Marques_Meliciano/Desktop/DogWalkAPI/routes/dogs.js","statementMap":{"0":{"start":{"line":7,"column":17},"end":{"line":7,"column":40}},"1":{"start":{"line":9,"column":15},"end":{"line":9,"column":31}},"2":{"start":{"line":34,"column":0},"end":{"line":44,"column":3}},"3":{"start":{"line":35,"column":2},"end":{"line":43,"column":7}},"4":{"start":{"line":39,"column":6},"end":{"line":39,"column":21}},"5":{"start":{"line":42,"column":6},"end":{"line":42,"column":16}},"6":{"start":{"line":70,"column":0},"end":{"line":84,"column":2}},"7":{"start":{"line":75,"column":4},"end":{"line":82,"column":9}},"8":{"start":{"line":78,"column":8},"end":{"line":78,"column":23}},"9":{"start":{"line":81,"column":8},"end":{"line":81,"column":18}},"10":{"start":{"line":131,"column":0},"end":{"line":149,"column":3}},"11":{"start":{"line":133,"column":17},"end":{"line":133,"column":34}},"12":{"start":{"line":135,"column":2},"end":{"line":148,"column":7}},"13":{"start":{"line":139,"column":6},"end":{"line":143,"column":7}},"14":{"start":{"line":140,"column":8},"end":{"line":142,"column":67}},"15":{"start":{"line":144,"column":6},"end":{"line":144,"column":25}},"16":{"start":{"line":147,"column":6},"end":{"line":147,"column":16}},"17":{"start":{"line":205,"column":0},"end":{"line":244,"column":2}},"18":{"start":{"line":212,"column":4},"end":{"line":214,"column":5}},"19":{"start":{"line":213,"column":6},"end":{"line":213,"column":35}},"20":{"start":{"line":216,"column":4},"end":{"line":218,"column":5}},"21":{"start":{"line":217,"column":6},"end":{"line":217,"column":45}},"22":{"start":{"line":220,"column":4},"end":{"line":222,"column":5}},"23":{"start":{"line":221,"column":6},"end":{"line":221,"column":37}},"24":{"start":{"line":224,"column":4},"end":{"line":226,"column":5}},"25":{"start":{"line":225,"column":6},"end":{"line":225,"column":39}},"26":{"start":{"line":228,"column":4},"end":{"line":230,"column":5}},"27":{"start":{"line":229,"column":6},"end":{"line":229,"column":41}},"28":{"start":{"line":232,"column":4},"end":{"line":234,"column":5}},"29":{"start":{"line":233,"column":6},"end":{"line":233,"column":41}},"30":{"start":{"line":236,"column":4},"end":{"line":242,"column":19}},"31":{"start":{"line":240,"column":8},"end":{"line":240,"column":27}},"32":{"start":{"line":302,"column":0},"end":{"line":340,"column":2}},"33":{"start":{"line":310,"column":4},"end":{"line":310,"column":33}},"34":{"start":{"line":311,"column":4},"end":{"line":311,"column":43}},"35":{"start":{"line":312,"column":4},"end":{"line":312,"column":35}},"36":{"start":{"line":313,"column":4},"end":{"line":313,"column":37}},"37":{"start":{"line":314,"column":4},"end":{"line":314,"column":39}},"38":{"start":{"line":315,"column":4},"end":{"line":315,"column":39}},"39":{"start":{"line":318,"column":4},"end":{"line":330,"column":5}},"40":{"start":{"line":325,"column":6},"end":{"line":329,"column":10}},"41":{"start":{"line":332,"column":4},"end":{"line":338,"column":19}},"42":{"start":{"line":336,"column":8},"end":{"line":336,"column":27}},"43":{"start":{"line":368,"column":0},"end":{"line":380,"column":2}},"44":{"start":{"line":373,"column":4},"end":{"line":378,"column":19}},"45":{"start":{"line":376,"column":8},"end":{"line":376,"column":56}},"46":{"start":{"line":383,"column":16},"end":{"line":383,"column":29}},"47":{"start":{"line":384,"column":2},"end":{"line":386,"column":3}},"48":{"start":{"line":385,"column":4},"end":{"line":385,"column":35}},"49":{"start":{"line":388,"column":14},"end":{"line":388,"column":33}},"50":{"start":{"line":390,"column":2},"end":{"line":403,"column":17}},"51":{"start":{"line":393,"column":6},"end":{"line":395,"column":7}},"52":{"start":{"line":394,"column":8},"end":{"line":394,"column":39}},"53":{"start":{"line":396,"column":6},"end":{"line":398,"column":7}},"54":{"start":{"line":397,"column":8},"end":{"line":397,"column":74}},"55":{"start":{"line":400,"column":6},"end":{"line":400,"column":20}},"56":{"start":{"line":401,"column":6},"end":{"line":401,"column":13}},"57":{"start":{"line":407,"column":16},"end":{"line":407,"column":29}},"58":{"start":{"line":408,"column":2},"end":{"line":410,"column":3}},"59":{"start":{"line":409,"column":4},"end":{"line":409,"column":35}},"60":{"start":{"line":412,"column":14},"end":{"line":412,"column":33}},"61":{"start":{"line":414,"column":2},"end":{"line":424,"column":17}},"62":{"start":{"line":417,"column":6},"end":{"line":419,"column":7}},"63":{"start":{"line":418,"column":8},"end":{"line":418,"column":39}},"64":{"start":{"line":421,"column":6},"end":{"line":421,"column":20}},"65":{"start":{"line":422,"column":6},"end":{"line":422,"column":13}},"66":{"start":{"line":428,"column":2},"end":{"line":428,"column":76}}},"fnMap":{"0":{"name":"(anonymous_0)","decl":{"start":{"line":34,"column":30},"end":{"line":34,"column":31}},"loc":{"start":{"line":34,"column":56},"end":{"line":44,"column":1}},"line":34},"1":{"name":"(anonymous_1)","decl":{"start":{"line":38,"column":10},"end":{"line":38,"column":11}},"loc":{"start":{"line":38,"column":20},"end":{"line":40,"column":5}},"line":38},"2":{"name":"(anonymous_2)","decl":{"start":{"line":41,"column":11},"end":{"line":41,"column":12}},"loc":{"start":{"line":41,"column":20},"end":{"line":43,"column":5}},"line":41},"3":{"name":"(anonymous_3)","decl":{"start":{"line":74,"column":2},"end":{"line":74,"column":3}},"loc":{"start":{"line":74,"column":22},"end":{"line":83,"column":3}},"line":74},"4":{"name":"(anonymous_4)","decl":{"start":{"line":77,"column":12},"end":{"line":77,"column":13}},"loc":{"start":{"line":77,"column":22},"end":{"line":79,"column":7}},"line":77},"5":{"name":"(anonymous_5)","decl":{"start":{"line":80,"column":13},"end":{"line":80,"column":14}},"loc":{"start":{"line":80,"column":22},"end":{"line":82,"column":7}},"line":80},"6":{"name":"(anonymous_6)","decl":{"start":{"line":131,"column":31},"end":{"line":131,"column":32}},"loc":{"start":{"line":131,"column":51},"end":{"line":149,"column":1}},"line":131},"7":{"name":"(anonymous_7)","decl":{"start":{"line":137,"column":10},"end":{"line":137,"column":11}},"loc":{"start":{"line":137,"column":24},"end":{"line":145,"column":5}},"line":137},"8":{"name":"(anonymous_8)","decl":{"start":{"line":146,"column":11},"end":{"line":146,"column":12}},"loc":{"start":{"line":146,"column":20},"end":{"line":148,"column":5}},"line":146},"9":{"name":"(anonymous_9)","decl":{"start":{"line":210,"column":2},"end":{"line":210,"column":3}},"loc":{"start":{"line":210,"column":22},"end":{"line":243,"column":3}},"line":210},"10":{"name":"(anonymous_10)","decl":{"start":{"line":238,"column":12},"end":{"line":238,"column":13}},"loc":{"start":{"line":238,"column":26},"end":{"line":241,"column":7}},"line":238},"11":{"name":"(anonymous_11)","decl":{"start":{"line":307,"column":2},"end":{"line":307,"column":3}},"loc":{"start":{"line":307,"column":22},"end":{"line":339,"column":3}},"line":307},"12":{"name":"(anonymous_12)","decl":{"start":{"line":334,"column":12},"end":{"line":334,"column":13}},"loc":{"start":{"line":334,"column":26},"end":{"line":337,"column":7}},"line":334},"13":{"name":"(anonymous_13)","decl":{"start":{"line":372,"column":2},"end":{"line":372,"column":3}},"loc":{"start":{"line":372,"column":22},"end":{"line":379,"column":3}},"line":372},"14":{"name":"(anonymous_14)","decl":{"start":{"line":375,"column":12},"end":{"line":375,"column":13}},"loc":{"start":{"line":375,"column":18},"end":{"line":377,"column":7}},"line":375},"15":{"name":"loadDogFromParamsMiddleware","decl":{"start":{"line":382,"column":9},"end":{"line":382,"column":36}},"loc":{"start":{"line":382,"column":53},"end":{"line":404,"column":1}},"line":382},"16":{"name":"(anonymous_16)","decl":{"start":{"line":392,"column":10},"end":{"line":392,"column":11}},"loc":{"start":{"line":392,"column":19},"end":{"line":402,"column":5}},"line":392},"17":{"name":"loadDogFromParamsMiddlewareForGet","decl":{"start":{"line":406,"column":9},"end":{"line":406,"column":42}},"loc":{"start":{"line":406,"column":59},"end":{"line":425,"column":1}},"line":406},"18":{"name":"(anonymous_18)","decl":{"start":{"line":416,"column":10},"end":{"line":416,"column":11}},"loc":{"start":{"line":416,"column":19},"end":{"line":423,"column":5}},"line":416},"19":{"name":"dogNotFound","decl":{"start":{"line":427,"column":9},"end":{"line":427,"column":20}},"loc":{"start":{"line":427,"column":33},"end":{"line":429,"column":1}},"line":427}},"branchMap":{"0":{"loc":{"start":{"line":139,"column":6},"end":{"line":143,"column":7}},"type":"if","locations":[{"start":{"line":139,"column":6},"end":{"line":143,"column":7}},{"start":{},"end":{}}],"line":139},"1":{"loc":{"start":{"line":212,"column":4},"end":{"line":214,"column":5}},"type":"if","locations":[{"start":{"line":212,"column":4},"end":{"line":214,"column":5}},{"start":{},"end":{}}],"line":212},"2":{"loc":{"start":{"line":216,"column":4},"end":{"line":218,"column":5}},"type":"if","locations":[{"start":{"line":216,"column":4},"end":{"line":218,"column":5}},{"start":{},"end":{}}],"line":216},"3":{"loc":{"start":{"line":220,"column":4},"end":{"line":222,"column":5}},"type":"if","locations":[{"start":{"line":220,"column":4},"end":{"line":222,"column":5}},{"start":{},"end":{}}],"line":220},"4":{"loc":{"start":{"line":224,"column":4},"end":{"line":226,"column":5}},"type":"if","locations":[{"start":{"line":224,"column":4},"end":{"line":226,"column":5}},{"start":{},"end":{}}],"line":224},"5":{"loc":{"start":{"line":228,"column":4},"end":{"line":230,"column":5}},"type":"if","locations":[{"start":{"line":228,"column":4},"end":{"line":230,"column":5}},{"start":{},"end":{}}],"line":228},"6":{"loc":{"start":{"line":232,"column":4},"end":{"line":234,"column":5}},"type":"if","locations":[{"start":{"line":232,"column":4},"end":{"line":234,"column":5}},{"start":{},"end":{}}],"line":232},"7":{"loc":{"start":{"line":318,"column":4},"end":{"line":330,"column":5}},"type":"if","locations":[{"start":{"line":318,"column":4},"end":{"line":330,"column":5}},{"start":{},"end":{}}],"line":318},"8":{"loc":{"start":{"line":319,"column":6},"end":{"line":323,"column":22}},"type":"binary-expr","locations":[{"start":{"line":319,"column":6},"end":{"line":319,"column":19}},{"start":{"line":320,"column":6},"end":{"line":320,"column":24}},{"start":{"line":321,"column":6},"end":{"line":321,"column":20}},{"start":{"line":322,"column":6},"end":{"line":322,"column":21}},{"start":{"line":323,"column":6},"end":{"line":323,"column":22}}],"line":319},"9":{"loc":{"start":{"line":384,"column":2},"end":{"line":386,"column":3}},"type":"if","locations":[{"start":{"line":384,"column":2},"end":{"line":386,"column":3}},{"start":{},"end":{}}],"line":384},"10":{"loc":{"start":{"line":393,"column":6},"end":{"line":395,"column":7}},"type":"if","locations":[{"start":{"line":393,"column":6},"end":{"line":395,"column":7}},{"start":{},"end":{}}],"line":393},"11":{"loc":{"start":{"line":396,"column":6},"end":{"line":398,"column":7}},"type":"if","locations":[{"start":{"line":396,"column":6},"end":{"line":398,"column":7}},{"start":{},"end":{}}],"line":396},"12":{"loc":{"start":{"line":408,"column":2},"end":{"line":410,"column":3}},"type":"if","locations":[{"start":{"line":408,"column":2},"end":{"line":410,"column":3}},{"start":{},"end":{}}],"line":408},"13":{"loc":{"start":{"line":417,"column":6},"end":{"line":419,"column":7}},"type":"if","locations":[{"start":{"line":417,"column":6},"end":{"line":419,"column":7}},{"start":{},"end":{}}],"line":417}},"s":{"0":4,"1":4,"2":4,"3":0,"4":0,"5":0,"6":4,"7":0,"8":0,"9":0,"10":4,"11":1,"12":1,"13":0,"14":0,"15":0,"16":1,"17":4,"18":0,"19":0,"20":0,"21":0,"22":0,"23":0,"24":0,"25":0,"26":0,"27":0,"28":0,"29":0,"30":0,"31":0,"32":4,"33":0,"34":0,"35":0,"36":0,"37":0,"38":0,"39":0,"40":0,"41":0,"42":0,"43":4,"44":0,"45":0,"46":0,"47":0,"48":0,"49":0,"50":0,"51":0,"52":0,"53":0,"54":0,"55":0,"56":0,"57":0,"58":0,"59":0,"60":0,"61":0,"62":0,"63":0,"64":0,"65":0,"66":0},"f":{"0":0,"1":0,"2":0,"3":0,"4":0,"5":0,"6":1,"7":0,"8":1,"9":0,"10":0,"11":0,"12":0,"13":0,"14":0,"15":0,"16":0,"17":0,"18":0,"19":0},"b":{"0":[0,0],"1":[0,0],"2":[0,0],"3":[0,0],"4":[0,0],"5":[0,0],"6":[0,0],"7":[0,0],"8":[0,0,0,0,0],"9":[0,0],"10":[0,0],"11":[0,0],"12":[0,0],"13":[0,0]},"_coverageSchema":"1a1c01bbd47fc00a2c39e90264f33305004495a9","hash":"18a123a4427303987f887b6e60f326f659a988ac"}
,"/Users/Patrick_Marques_Meliciano/Desktop/DogWalkAPI/routes/index.js": {"path":"/Users/Patrick_Marques_Meliciano/Desktop/DogWalkAPI/routes/index.js","statementMap":{"0":{"start":{"line":2,"column":15},"end":{"line":2,"column":31}},"1":{"start":{"line":4,"column":0},"end":{"line":8,"column":3}},"2":{"start":{"line":5,"column":1},"end":{"line":7,"column":3}}},"fnMap":{"0":{"name":"(anonymous_0)","decl":{"start":{"line":4,"column":16},"end":{"line":4,"column":17}},"loc":{"start":{"line":4,"column":42},"end":{"line":8,"column":1}},"line":4}},"branchMap":{},"s":{"0":4,"1":4,"2":0},"f":{"0":0},"b":{},"_coverageSchema":"1a1c01bbd47fc00a2c39e90264f33305004495a9","hash":"1eecd17265ad75042eb45f1f44dea2f6042c848f"}
,"/Users/Patrick_Marques_Meliciano/Desktop/DogWalkAPI/routes/users.js": {"path":"/Users/Patrick_Marques_Meliciano/Desktop/DogWalkAPI/routes/users.js","statementMap":{"0":{"start":{"line":12,"column":17},"end":{"line":12,"column":40}},"1":{"start":{"line":14,"column":15},"end":{"line":14,"column":31}},"2":{"start":{"line":16,"column":16},"end":{"line":16,"column":35}},"3":{"start":{"line":41,"column":0},"end":{"line":115,"column":3}},"4":{"start":{"line":42,"column":20},"end":{"line":42,"column":34}},"5":{"start":{"line":43,"column":1},"end":{"line":114,"column":4}},"6":{"start":{"line":44,"column":29},"end":{"line":44,"column":63}},"7":{"start":{"line":46,"column":19},"end":{"line":46,"column":21}},"8":{"start":{"line":48,"column":2},"end":{"line":99,"column":4}},"9":{"start":{"line":100,"column":2},"end":{"line":113,"column":16}},"10":{"start":{"line":103,"column":4},"end":{"line":103,"column":62}},"11":{"start":{"line":104,"column":4},"end":{"line":111,"column":6}},"12":{"start":{"line":106,"column":25},"end":{"line":106,"column":48}},"13":{"start":{"line":108,"column":6},"end":{"line":108,"column":50}},"14":{"start":{"line":109,"column":6},"end":{"line":109,"column":24}},"15":{"start":{"line":118,"column":13},"end":{"line":118,"column":24}},"16":{"start":{"line":119,"column":1},"end":{"line":119,"column":14}},"17":{"start":{"line":141,"column":0},"end":{"line":153,"column":3}},"18":{"start":{"line":143,"column":15},"end":{"line":143,"column":32}},"19":{"start":{"line":144,"column":1},"end":{"line":152,"column":5}},"20":{"start":{"line":148,"column":3},"end":{"line":148,"column":19}},"21":{"start":{"line":151,"column":3},"end":{"line":151,"column":13}},"22":{"start":{"line":179,"column":0},"end":{"line":188,"column":3}},"23":{"start":{"line":180,"column":1},"end":{"line":187,"column":5}},"24":{"start":{"line":183,"column":3},"end":{"line":183,"column":19}},"25":{"start":{"line":186,"column":3},"end":{"line":186,"column":13}},"26":{"start":{"line":251,"column":0},"end":{"line":277,"column":3}},"27":{"start":{"line":252,"column":1},"end":{"line":276,"column":2}},"28":{"start":{"line":254,"column":25},"end":{"line":254,"column":65}},"29":{"start":{"line":257,"column":18},"end":{"line":267,"column":4}},"30":{"start":{"line":270,"column":20},"end":{"line":270,"column":40}},"31":{"start":{"line":273,"column":2},"end":{"line":273,"column":22}},"32":{"start":{"line":275,"column":2},"end":{"line":275,"column":12}},"33":{"start":{"line":321,"column":0},"end":{"line":345,"column":3}},"34":{"start":{"line":322,"column":1},"end":{"line":344,"column":5}},"35":{"start":{"line":325,"column":3},"end":{"line":325,"column":41}},"36":{"start":{"line":325,"column":14},"end":{"line":325,"column":41}},"37":{"start":{"line":326,"column":3},"end":{"line":326,"column":54}},"38":{"start":{"line":326,"column":27},"end":{"line":326,"column":54}},"39":{"start":{"line":327,"column":3},"end":{"line":343,"column":6}},"40":{"start":{"line":328,"column":4},"end":{"line":328,"column":43}},"41":{"start":{"line":328,"column":16},"end":{"line":328,"column":43}},"42":{"start":{"line":330,"column":20},"end":{"line":333,"column":5}},"43":{"start":{"line":335,"column":19},"end":{"line":335,"column":53}},"44":{"start":{"line":337,"column":4},"end":{"line":342,"column":7}},"45":{"start":{"line":338,"column":5},"end":{"line":341,"column":8}},"46":{"start":{"line":425,"column":0},"end":{"line":476,"column":2}},"47":{"start":{"line":432,"column":2},"end":{"line":434,"column":3}},"48":{"start":{"line":433,"column":3},"end":{"line":433,"column":43}},"49":{"start":{"line":436,"column":2},"end":{"line":438,"column":3}},"50":{"start":{"line":437,"column":3},"end":{"line":437,"column":41}},"51":{"start":{"line":440,"column":2},"end":{"line":442,"column":3}},"52":{"start":{"line":441,"column":3},"end":{"line":441,"column":35}},"53":{"start":{"line":444,"column":2},"end":{"line":446,"column":3}},"54":{"start":{"line":445,"column":3},"end":{"line":445,"column":41}},"55":{"start":{"line":448,"column":2},"end":{"line":450,"column":3}},"56":{"start":{"line":449,"column":3},"end":{"line":449,"column":43}},"57":{"start":{"line":452,"column":2},"end":{"line":454,"column":3}},"58":{"start":{"line":453,"column":3},"end":{"line":453,"column":39}},"59":{"start":{"line":456,"column":2},"end":{"line":458,"column":3}},"60":{"start":{"line":457,"column":3},"end":{"line":457,"column":39}},"61":{"start":{"line":460,"column":2},"end":{"line":462,"column":3}},"62":{"start":{"line":461,"column":3},"end":{"line":461,"column":49}},"63":{"start":{"line":464,"column":2},"end":{"line":466,"column":3}},"64":{"start":{"line":465,"column":3},"end":{"line":465,"column":47}},"65":{"start":{"line":468,"column":2},"end":{"line":474,"column":16}},"66":{"start":{"line":472,"column":4},"end":{"line":472,"column":24}},"67":{"start":{"line":517,"column":0},"end":{"line":533,"column":2}},"68":{"start":{"line":522,"column":2},"end":{"line":522,"column":43}},"69":{"start":{"line":523,"column":2},"end":{"line":531,"column":16}},"70":{"start":{"line":526,"column":4},"end":{"line":528,"column":7}},"71":{"start":{"line":529,"column":4},"end":{"line":529,"column":24}},"72":{"start":{"line":569,"column":0},"end":{"line":577,"column":3}},"73":{"start":{"line":570,"column":1},"end":{"line":570,"column":29}},"74":{"start":{"line":571,"column":1},"end":{"line":576,"column":15}},"75":{"start":{"line":574,"column":3},"end":{"line":574,"column":23}},"76":{"start":{"line":659,"column":0},"end":{"line":701,"column":2}},"77":{"start":{"line":667,"column":2},"end":{"line":667,"column":42}},"78":{"start":{"line":668,"column":2},"end":{"line":668,"column":40}},"79":{"start":{"line":669,"column":2},"end":{"line":669,"column":34}},"80":{"start":{"line":670,"column":2},"end":{"line":670,"column":40}},"81":{"start":{"line":671,"column":2},"end":{"line":671,"column":42}},"82":{"start":{"line":672,"column":2},"end":{"line":672,"column":38}},"83":{"start":{"line":673,"column":2},"end":{"line":673,"column":38}},"84":{"start":{"line":674,"column":2},"end":{"line":674,"column":48}},"85":{"start":{"line":675,"column":2},"end":{"line":675,"column":46}},"86":{"start":{"line":678,"column":2},"end":{"line":691,"column":3}},"87":{"start":{"line":686,"column":3},"end":{"line":690,"column":6}},"88":{"start":{"line":693,"column":2},"end":{"line":699,"column":16}},"89":{"start":{"line":697,"column":4},"end":{"line":697,"column":24}},"90":{"start":{"line":730,"column":0},"end":{"line":737,"column":3}},"91":{"start":{"line":731,"column":1},"end":{"line":736,"column":15}},"92":{"start":{"line":734,"column":3},"end":{"line":734,"column":23}},"93":{"start":{"line":740,"column":16},"end":{"line":740,"column":29}},"94":{"start":{"line":741,"column":1},"end":{"line":743,"column":2}},"95":{"start":{"line":742,"column":2},"end":{"line":742,"column":35}},"96":{"start":{"line":745,"column":13},"end":{"line":745,"column":34}},"97":{"start":{"line":747,"column":1},"end":{"line":759,"column":15}},"98":{"start":{"line":750,"column":3},"end":{"line":752,"column":4}},"99":{"start":{"line":751,"column":4},"end":{"line":751,"column":37}},"100":{"start":{"line":753,"column":3},"end":{"line":755,"column":4}},"101":{"start":{"line":754,"column":4},"end":{"line":754,"column":62}},"102":{"start":{"line":756,"column":3},"end":{"line":756,"column":19}},"103":{"start":{"line":757,"column":3},"end":{"line":757,"column":10}},"104":{"start":{"line":763,"column":16},"end":{"line":763,"column":29}},"105":{"start":{"line":764,"column":1},"end":{"line":766,"column":2}},"106":{"start":{"line":765,"column":2},"end":{"line":765,"column":35}},"107":{"start":{"line":768,"column":13},"end":{"line":768,"column":34}},"108":{"start":{"line":770,"column":1},"end":{"line":780,"column":15}},"109":{"start":{"line":773,"column":3},"end":{"line":775,"column":4}},"110":{"start":{"line":774,"column":4},"end":{"line":774,"column":37}},"111":{"start":{"line":777,"column":3},"end":{"line":777,"column":19}},"112":{"start":{"line":778,"column":3},"end":{"line":778,"column":10}},"113":{"start":{"line":784,"column":1},"end":{"line":784,"column":78}}},"fnMap":{"0":{"name":"(anonymous_0)","decl":{"start":{"line":41,"column":30},"end":{"line":41,"column":31}},"loc":{"start":{"line":41,"column":56},"end":{"line":115,"column":1}},"line":41},"1":{"name":"(anonymous_1)","decl":{"start":{"line":43,"column":34},"end":{"line":43,"column":35}},"loc":{"start":{"line":43,"column":45},"end":{"line":114,"column":2}},"line":43},"2":{"name":"(anonymous_2)","decl":{"start":{"line":102,"column":9},"end":{"line":102,"column":10}},"loc":{"start":{"line":102,"column":20},"end":{"line":112,"column":4}},"line":102},"3":{"name":"(anonymous_3)","decl":{"start":{"line":105,"column":15},"end":{"line":105,"column":16}},"loc":{"start":{"line":105,"column":25},"end":{"line":110,"column":6}},"line":105},"4":{"name":"queryUser","decl":{"start":{"line":117,"column":9},"end":{"line":117,"column":18}},"loc":{"start":{"line":117,"column":24},"end":{"line":120,"column":1}},"line":117},"5":{"name":"(anonymous_5)","decl":{"start":{"line":141,"column":35},"end":{"line":141,"column":36}},"loc":{"start":{"line":141,"column":61},"end":{"line":153,"column":1}},"line":141},"6":{"name":"(anonymous_6)","decl":{"start":{"line":147,"column":8},"end":{"line":147,"column":9}},"loc":{"start":{"line":147,"column":19},"end":{"line":149,"column":3}},"line":147},"7":{"name":"(anonymous_7)","decl":{"start":{"line":150,"column":9},"end":{"line":150,"column":10}},"loc":{"start":{"line":150,"column":18},"end":{"line":152,"column":3}},"line":150},"8":{"name":"(anonymous_8)","decl":{"start":{"line":179,"column":69},"end":{"line":179,"column":70}},"loc":{"start":{"line":179,"column":89},"end":{"line":188,"column":1}},"line":179},"9":{"name":"(anonymous_9)","decl":{"start":{"line":182,"column":8},"end":{"line":182,"column":9}},"loc":{"start":{"line":182,"column":19},"end":{"line":184,"column":3}},"line":182},"10":{"name":"(anonymous_10)","decl":{"start":{"line":185,"column":9},"end":{"line":185,"column":10}},"loc":{"start":{"line":185,"column":18},"end":{"line":187,"column":3}},"line":185},"11":{"name":"(anonymous_11)","decl":{"start":{"line":251,"column":17},"end":{"line":251,"column":18}},"loc":{"start":{"line":251,"column":43},"end":{"line":277,"column":1}},"line":251},"12":{"name":"(anonymous_12)","decl":{"start":{"line":321,"column":22},"end":{"line":321,"column":23}},"loc":{"start":{"line":321,"column":42},"end":{"line":345,"column":1}},"line":321},"13":{"name":"(anonymous_13)","decl":{"start":{"line":324,"column":8},"end":{"line":324,"column":9}},"loc":{"start":{"line":324,"column":18},"end":{"line":344,"column":3}},"line":324},"14":{"name":"(anonymous_14)","decl":{"start":{"line":327,"column":64},"end":{"line":327,"column":65}},"loc":{"start":{"line":327,"column":75},"end":{"line":343,"column":4}},"line":327},"15":{"name":"(anonymous_15)","decl":{"start":{"line":337,"column":34},"end":{"line":337,"column":35}},"loc":{"start":{"line":337,"column":43},"end":{"line":342,"column":5}},"line":337},"16":{"name":"(anonymous_16)","decl":{"start":{"line":430,"column":1},"end":{"line":430,"column":2}},"loc":{"start":{"line":430,"column":21},"end":{"line":475,"column":2}},"line":430},"17":{"name":"(anonymous_17)","decl":{"start":{"line":470,"column":9},"end":{"line":470,"column":10}},"loc":{"start":{"line":470,"column":24},"end":{"line":473,"column":4}},"line":470},"18":{"name":"(anonymous_18)","decl":{"start":{"line":521,"column":1},"end":{"line":521,"column":2}},"loc":{"start":{"line":521,"column":21},"end":{"line":532,"column":2}},"line":521},"19":{"name":"(anonymous_19)","decl":{"start":{"line":525,"column":9},"end":{"line":525,"column":10}},"loc":{"start":{"line":525,"column":24},"end":{"line":530,"column":4}},"line":525},"20":{"name":"(anonymous_20)","decl":{"start":{"line":569,"column":71},"end":{"line":569,"column":72}},"loc":{"start":{"line":569,"column":91},"end":{"line":577,"column":1}},"line":569},"21":{"name":"(anonymous_21)","decl":{"start":{"line":573,"column":8},"end":{"line":573,"column":9}},"loc":{"start":{"line":573,"column":23},"end":{"line":575,"column":3}},"line":573},"22":{"name":"(anonymous_22)","decl":{"start":{"line":664,"column":1},"end":{"line":664,"column":2}},"loc":{"start":{"line":664,"column":21},"end":{"line":700,"column":2}},"line":664},"23":{"name":"(anonymous_23)","decl":{"start":{"line":695,"column":9},"end":{"line":695,"column":10}},"loc":{"start":{"line":695,"column":24},"end":{"line":698,"column":4}},"line":695},"24":{"name":"(anonymous_24)","decl":{"start":{"line":730,"column":66},"end":{"line":730,"column":67}},"loc":{"start":{"line":730,"column":86},"end":{"line":737,"column":1}},"line":730},"25":{"name":"(anonymous_25)","decl":{"start":{"line":733,"column":8},"end":{"line":733,"column":9}},"loc":{"start":{"line":733,"column":14},"end":{"line":735,"column":3}},"line":733},"26":{"name":"loadUserFromParamsMiddleware","decl":{"start":{"line":739,"column":9},"end":{"line":739,"column":37}},"loc":{"start":{"line":739,"column":54},"end":{"line":760,"column":1}},"line":739},"27":{"name":"(anonymous_27)","decl":{"start":{"line":749,"column":8},"end":{"line":749,"column":9}},"loc":{"start":{"line":749,"column":18},"end":{"line":758,"column":3}},"line":749},"28":{"name":"loadUserFromParamsMiddlewareForGet","decl":{"start":{"line":762,"column":9},"end":{"line":762,"column":43}},"loc":{"start":{"line":762,"column":60},"end":{"line":781,"column":1}},"line":762},"29":{"name":"(anonymous_29)","decl":{"start":{"line":772,"column":8},"end":{"line":772,"column":9}},"loc":{"start":{"line":772,"column":18},"end":{"line":779,"column":3}},"line":772},"30":{"name":"userNotFound","decl":{"start":{"line":783,"column":9},"end":{"line":783,"column":21}},"loc":{"start":{"line":783,"column":35},"end":{"line":785,"column":1}},"line":783}},"branchMap":{"0":{"loc":{"start":{"line":325,"column":3},"end":{"line":325,"column":41}},"type":"if","locations":[{"start":{"line":325,"column":3},"end":{"line":325,"column":41}},{"start":{},"end":{}}],"line":325},"1":{"loc":{"start":{"line":326,"column":3},"end":{"line":326,"column":54}},"type":"if","locations":[{"start":{"line":326,"column":3},"end":{"line":326,"column":54}},{"start":{},"end":{}}],"line":326},"2":{"loc":{"start":{"line":328,"column":4},"end":{"line":328,"column":43}},"type":"if","locations":[{"start":{"line":328,"column":4},"end":{"line":328,"column":43}},{"start":{},"end":{}}],"line":328},"3":{"loc":{"start":{"line":335,"column":19},"end":{"line":335,"column":53}},"type":"binary-expr","locations":[{"start":{"line":335,"column":19},"end":{"line":335,"column":41}},{"start":{"line":335,"column":45},"end":{"line":335,"column":53}}],"line":335},"4":{"loc":{"start":{"line":432,"column":2},"end":{"line":434,"column":3}},"type":"if","locations":[{"start":{"line":432,"column":2},"end":{"line":434,"column":3}},{"start":{},"end":{}}],"line":432},"5":{"loc":{"start":{"line":436,"column":2},"end":{"line":438,"column":3}},"type":"if","locations":[{"start":{"line":436,"column":2},"end":{"line":438,"column":3}},{"start":{},"end":{}}],"line":436},"6":{"loc":{"start":{"line":440,"column":2},"end":{"line":442,"column":3}},"type":"if","locations":[{"start":{"line":440,"column":2},"end":{"line":442,"column":3}},{"start":{},"end":{}}],"line":440},"7":{"loc":{"start":{"line":444,"column":2},"end":{"line":446,"column":3}},"type":"if","locations":[{"start":{"line":444,"column":2},"end":{"line":446,"column":3}},{"start":{},"end":{}}],"line":444},"8":{"loc":{"start":{"line":448,"column":2},"end":{"line":450,"column":3}},"type":"if","locations":[{"start":{"line":448,"column":2},"end":{"line":450,"column":3}},{"start":{},"end":{}}],"line":448},"9":{"loc":{"start":{"line":452,"column":2},"end":{"line":454,"column":3}},"type":"if","locations":[{"start":{"line":452,"column":2},"end":{"line":454,"column":3}},{"start":{},"end":{}}],"line":452},"10":{"loc":{"start":{"line":456,"column":2},"end":{"line":458,"column":3}},"type":"if","locations":[{"start":{"line":456,"column":2},"end":{"line":458,"column":3}},{"start":{},"end":{}}],"line":456},"11":{"loc":{"start":{"line":460,"column":2},"end":{"line":462,"column":3}},"type":"if","locations":[{"start":{"line":460,"column":2},"end":{"line":462,"column":3}},{"start":{},"end":{}}],"line":460},"12":{"loc":{"start":{"line":464,"column":2},"end":{"line":466,"column":3}},"type":"if","locations":[{"start":{"line":464,"column":2},"end":{"line":466,"column":3}},{"start":{},"end":{}}],"line":464},"13":{"loc":{"start":{"line":678,"column":2},"end":{"line":691,"column":3}},"type":"if","locations":[{"start":{"line":678,"column":2},"end":{"line":691,"column":3}},{"start":{},"end":{}}],"line":678},"14":{"loc":{"start":{"line":679,"column":3},"end":{"line":684,"column":20}},"type":"binary-expr","locations":[{"start":{"line":679,"column":3},"end":{"line":679,"column":22}},{"start":{"line":680,"column":3},"end":{"line":680,"column":21}},{"start":{"line":681,"column":3},"end":{"line":681,"column":18}},{"start":{"line":682,"column":3},"end":{"line":682,"column":21}},{"start":{"line":683,"column":3},"end":{"line":683,"column":22}},{"start":{"line":684,"column":3},"end":{"line":684,"column":20}}],"line":679},"15":{"loc":{"start":{"line":741,"column":1},"end":{"line":743,"column":2}},"type":"if","locations":[{"start":{"line":741,"column":1},"end":{"line":743,"column":2}},{"start":{},"end":{}}],"line":741},"16":{"loc":{"start":{"line":750,"column":3},"end":{"line":752,"column":4}},"type":"if","locations":[{"start":{"line":750,"column":3},"end":{"line":752,"column":4}},{"start":{},"end":{}}],"line":750},"17":{"loc":{"start":{"line":753,"column":3},"end":{"line":755,"column":4}},"type":"if","locations":[{"start":{"line":753,"column":3},"end":{"line":755,"column":4}},{"start":{},"end":{}}],"line":753},"18":{"loc":{"start":{"line":764,"column":1},"end":{"line":766,"column":2}},"type":"if","locations":[{"start":{"line":764,"column":1},"end":{"line":766,"column":2}},{"start":{},"end":{}}],"line":764},"19":{"loc":{"start":{"line":773,"column":3},"end":{"line":775,"column":4}},"type":"if","locations":[{"start":{"line":773,"column":3},"end":{"line":775,"column":4}},{"start":{},"end":{}}],"line":773}},"s":{"0":4,"1":4,"2":4,"3":4,"4":1,"5":1,"6":1,"7":1,"8":1,"9":1,"10":1,"11":1,"12":1,"13":1,"14":1,"15":1,"16":1,"17":4,"18":0,"19":0,"20":0,"21":0,"22":4,"23":0,"24":0,"25":0,"26":4,"27":3,"28":3,"29":3,"30":3,"31":3,"32":0,"33":4,"34":0,"35":0,"36":0,"37":0,"38":0,"39":0,"40":0,"41":0,"42":0,"43":0,"44":0,"45":0,"46":4,"47":0,"48":0,"49":0,"50":0,"51":0,"52":0,"53":0,"54":0,"55":0,"56":0,"57":0,"58":0,"59":0,"60":0,"61":0,"62":0,"63":0,"64":0,"65":0,"66":0,"67":4,"68":0,"69":0,"70":0,"71":0,"72":4,"73":0,"74":0,"75":0,"76":4,"77":0,"78":0,"79":0,"80":0,"81":0,"82":0,"83":0,"84":0,"85":0,"86":0,"87":0,"88":0,"89":0,"90":4,"91":0,"92":0,"93":0,"94":0,"95":0,"96":0,"97":0,"98":0,"99":0,"100":0,"101":0,"102":0,"103":0,"104":0,"105":0,"106":0,"107":0,"108":0,"109":0,"110":0,"111":0,"112":0,"113":0},"f":{"0":1,"1":1,"2":1,"3":1,"4":1,"5":0,"6":0,"7":0,"8":0,"9":0,"10":0,"11":3,"12":0,"13":0,"14":0,"15":0,"16":0,"17":0,"18":0,"19":0,"20":0,"21":0,"22":0,"23":0,"24":0,"25":0,"26":0,"27":0,"28":0,"29":0,"30":0},"b":{"0":[0,0],"1":[0,0],"2":[0,0],"3":[0,0],"4":[0,0],"5":[0,0],"6":[0,0],"7":[0,0],"8":[0,0],"9":[0,0],"10":[0,0],"11":[0,0],"12":[0,0],"13":[0,0],"14":[0,0,0,0,0,0],"15":[0,0],"16":[0,0],"17":[0,0],"18":[0,0],"19":[0,0]},"_coverageSchema":"1a1c01bbd47fc00a2c39e90264f33305004495a9","hash":"5724f582255a232f070833bf9f73171f85efb4e0"}
,"/Users/Patrick_Marques_Meliciano/Desktop/DogWalkAPI/routes/walks.js": {"path":"/Users/Patrick_Marques_Meliciano/Desktop/DogWalkAPI/routes/walks.js","statementMap":{"0":{"start":{"line":8,"column":17},"end":{"line":8,"column":40}},"1":{"start":{"line":10,"column":15},"end":{"line":10,"column":31}},"2":{"start":{"line":36,"column":0},"end":{"line":46,"column":3}},"3":{"start":{"line":37,"column":1},"end":{"line":45,"column":5}},"4":{"start":{"line":41,"column":3},"end":{"line":41,"column":19}},"5":{"start":{"line":44,"column":3},"end":{"line":44,"column":13}},"6":{"start":{"line":72,"column":0},"end":{"line":81,"column":3}},"7":{"start":{"line":73,"column":1},"end":{"line":80,"column":5}},"8":{"start":{"line":76,"column":3},"end":{"line":76,"column":19}},"9":{"start":{"line":79,"column":3},"end":{"line":79,"column":13}},"10":{"start":{"line":135,"column":0},"end":{"line":155,"column":3}},"11":{"start":{"line":137,"column":17},"end":{"line":137,"column":35}},"12":{"start":{"line":139,"column":1},"end":{"line":154,"column":5}},"13":{"start":{"line":142,"column":3},"end":{"line":144,"column":4}},"14":{"start":{"line":143,"column":4},"end":{"line":143,"column":85}},"15":{"start":{"line":145,"column":3},"end":{"line":148,"column":6}},"16":{"start":{"line":150,"column":3},"end":{"line":150,"column":23}},"17":{"start":{"line":153,"column":3},"end":{"line":153,"column":13}},"18":{"start":{"line":211,"column":0},"end":{"line":238,"column":2}},"19":{"start":{"line":218,"column":2},"end":{"line":220,"column":3}},"20":{"start":{"line":219,"column":3},"end":{"line":219,"column":35}},"21":{"start":{"line":222,"column":2},"end":{"line":224,"column":3}},"22":{"start":{"line":223,"column":3},"end":{"line":223,"column":33}},"23":{"start":{"line":226,"column":2},"end":{"line":228,"column":3}},"24":{"start":{"line":227,"column":3},"end":{"line":227,"column":39}},"25":{"start":{"line":230,"column":2},"end":{"line":236,"column":16}},"26":{"start":{"line":234,"column":4},"end":{"line":234,"column":24}},"27":{"start":{"line":296,"column":0},"end":{"line":322,"column":2}},"28":{"start":{"line":303,"column":2},"end":{"line":303,"column":34}},"29":{"start":{"line":304,"column":2},"end":{"line":304,"column":32}},"30":{"start":{"line":305,"column":2},"end":{"line":305,"column":38}},"31":{"start":{"line":308,"column":2},"end":{"line":312,"column":3}},"32":{"start":{"line":309,"column":3},"end":{"line":311,"column":62}},"33":{"start":{"line":314,"column":2},"end":{"line":320,"column":16}},"34":{"start":{"line":318,"column":4},"end":{"line":318,"column":24}},"35":{"start":{"line":351,"column":0},"end":{"line":358,"column":3}},"36":{"start":{"line":352,"column":1},"end":{"line":357,"column":15}},"37":{"start":{"line":355,"column":3},"end":{"line":355,"column":23}},"38":{"start":{"line":361,"column":16},"end":{"line":361,"column":29}},"39":{"start":{"line":362,"column":1},"end":{"line":364,"column":2}},"40":{"start":{"line":363,"column":2},"end":{"line":363,"column":35}},"41":{"start":{"line":366,"column":13},"end":{"line":366,"column":34}},"42":{"start":{"line":368,"column":1},"end":{"line":381,"column":15}},"43":{"start":{"line":371,"column":3},"end":{"line":373,"column":4}},"44":{"start":{"line":372,"column":4},"end":{"line":372,"column":37}},"45":{"start":{"line":374,"column":3},"end":{"line":376,"column":4}},"46":{"start":{"line":375,"column":4},"end":{"line":375,"column":63}},"47":{"start":{"line":378,"column":3},"end":{"line":378,"column":19}},"48":{"start":{"line":379,"column":3},"end":{"line":379,"column":10}},"49":{"start":{"line":385,"column":16},"end":{"line":385,"column":29}},"50":{"start":{"line":386,"column":1},"end":{"line":388,"column":2}},"51":{"start":{"line":387,"column":2},"end":{"line":387,"column":35}},"52":{"start":{"line":390,"column":13},"end":{"line":390,"column":34}},"53":{"start":{"line":392,"column":1},"end":{"line":401,"column":15}},"54":{"start":{"line":395,"column":3},"end":{"line":397,"column":4}},"55":{"start":{"line":396,"column":4},"end":{"line":396,"column":37}},"56":{"start":{"line":398,"column":3},"end":{"line":398,"column":19}},"57":{"start":{"line":399,"column":3},"end":{"line":399,"column":10}},"58":{"start":{"line":405,"column":1},"end":{"line":405,"column":77}}},"fnMap":{"0":{"name":"(anonymous_0)","decl":{"start":{"line":36,"column":30},"end":{"line":36,"column":31}},"loc":{"start":{"line":36,"column":56},"end":{"line":46,"column":1}},"line":36},"1":{"name":"(anonymous_1)","decl":{"start":{"line":40,"column":8},"end":{"line":40,"column":9}},"loc":{"start":{"line":40,"column":19},"end":{"line":42,"column":3}},"line":40},"2":{"name":"(anonymous_2)","decl":{"start":{"line":43,"column":9},"end":{"line":43,"column":10}},"loc":{"start":{"line":43,"column":18},"end":{"line":45,"column":3}},"line":43},"3":{"name":"(anonymous_3)","decl":{"start":{"line":72,"column":69},"end":{"line":72,"column":70}},"loc":{"start":{"line":72,"column":89},"end":{"line":81,"column":1}},"line":72},"4":{"name":"(anonymous_4)","decl":{"start":{"line":75,"column":8},"end":{"line":75,"column":9}},"loc":{"start":{"line":75,"column":19},"end":{"line":77,"column":3}},"line":75},"5":{"name":"(anonymous_5)","decl":{"start":{"line":78,"column":9},"end":{"line":78,"column":10}},"loc":{"start":{"line":78,"column":18},"end":{"line":80,"column":3}},"line":78},"6":{"name":"(anonymous_6)","decl":{"start":{"line":135,"column":31},"end":{"line":135,"column":32}},"loc":{"start":{"line":135,"column":51},"end":{"line":155,"column":1}},"line":135},"7":{"name":"(anonymous_7)","decl":{"start":{"line":141,"column":8},"end":{"line":141,"column":9}},"loc":{"start":{"line":141,"column":23},"end":{"line":151,"column":3}},"line":141},"8":{"name":"(anonymous_8)","decl":{"start":{"line":152,"column":9},"end":{"line":152,"column":10}},"loc":{"start":{"line":152,"column":18},"end":{"line":154,"column":3}},"line":152},"9":{"name":"(anonymous_9)","decl":{"start":{"line":216,"column":1},"end":{"line":216,"column":2}},"loc":{"start":{"line":216,"column":21},"end":{"line":237,"column":2}},"line":216},"10":{"name":"(anonymous_10)","decl":{"start":{"line":232,"column":9},"end":{"line":232,"column":10}},"loc":{"start":{"line":232,"column":24},"end":{"line":235,"column":4}},"line":232},"11":{"name":"(anonymous_11)","decl":{"start":{"line":301,"column":1},"end":{"line":301,"column":2}},"loc":{"start":{"line":301,"column":21},"end":{"line":321,"column":2}},"line":301},"12":{"name":"(anonymous_12)","decl":{"start":{"line":316,"column":9},"end":{"line":316,"column":10}},"loc":{"start":{"line":316,"column":24},"end":{"line":319,"column":4}},"line":316},"13":{"name":"(anonymous_13)","decl":{"start":{"line":351,"column":66},"end":{"line":351,"column":67}},"loc":{"start":{"line":351,"column":86},"end":{"line":358,"column":1}},"line":351},"14":{"name":"(anonymous_14)","decl":{"start":{"line":354,"column":8},"end":{"line":354,"column":9}},"loc":{"start":{"line":354,"column":14},"end":{"line":356,"column":3}},"line":354},"15":{"name":"loadWalkFromParamsMiddleware","decl":{"start":{"line":360,"column":9},"end":{"line":360,"column":37}},"loc":{"start":{"line":360,"column":54},"end":{"line":382,"column":1}},"line":360},"16":{"name":"(anonymous_16)","decl":{"start":{"line":370,"column":8},"end":{"line":370,"column":9}},"loc":{"start":{"line":370,"column":18},"end":{"line":380,"column":3}},"line":370},"17":{"name":"loadWalkFromParamsMiddlewareForGet","decl":{"start":{"line":384,"column":9},"end":{"line":384,"column":43}},"loc":{"start":{"line":384,"column":60},"end":{"line":402,"column":1}},"line":384},"18":{"name":"(anonymous_18)","decl":{"start":{"line":394,"column":8},"end":{"line":394,"column":9}},"loc":{"start":{"line":394,"column":18},"end":{"line":400,"column":3}},"line":394},"19":{"name":"walkNotFound","decl":{"start":{"line":404,"column":9},"end":{"line":404,"column":21}},"loc":{"start":{"line":404,"column":35},"end":{"line":406,"column":1}},"line":404}},"branchMap":{"0":{"loc":{"start":{"line":142,"column":3},"end":{"line":144,"column":4}},"type":"if","locations":[{"start":{"line":142,"column":3},"end":{"line":144,"column":4}},{"start":{},"end":{}}],"line":142},"1":{"loc":{"start":{"line":218,"column":2},"end":{"line":220,"column":3}},"type":"if","locations":[{"start":{"line":218,"column":2},"end":{"line":220,"column":3}},{"start":{},"end":{}}],"line":218},"2":{"loc":{"start":{"line":222,"column":2},"end":{"line":224,"column":3}},"type":"if","locations":[{"start":{"line":222,"column":2},"end":{"line":224,"column":3}},{"start":{},"end":{}}],"line":222},"3":{"loc":{"start":{"line":226,"column":2},"end":{"line":228,"column":3}},"type":"if","locations":[{"start":{"line":226,"column":2},"end":{"line":228,"column":3}},{"start":{},"end":{}}],"line":226},"4":{"loc":{"start":{"line":308,"column":2},"end":{"line":312,"column":3}},"type":"if","locations":[{"start":{"line":308,"column":2},"end":{"line":312,"column":3}},{"start":{},"end":{}}],"line":308},"5":{"loc":{"start":{"line":308,"column":6},"end":{"line":308,"column":60}},"type":"binary-expr","locations":[{"start":{"line":308,"column":6},"end":{"line":308,"column":21}},{"start":{"line":308,"column":25},"end":{"line":308,"column":39}},{"start":{"line":308,"column":43},"end":{"line":308,"column":60}}],"line":308},"6":{"loc":{"start":{"line":362,"column":1},"end":{"line":364,"column":2}},"type":"if","locations":[{"start":{"line":362,"column":1},"end":{"line":364,"column":2}},{"start":{},"end":{}}],"line":362},"7":{"loc":{"start":{"line":371,"column":3},"end":{"line":373,"column":4}},"type":"if","locations":[{"start":{"line":371,"column":3},"end":{"line":373,"column":4}},{"start":{},"end":{}}],"line":371},"8":{"loc":{"start":{"line":374,"column":3},"end":{"line":376,"column":4}},"type":"if","locations":[{"start":{"line":374,"column":3},"end":{"line":376,"column":4}},{"start":{},"end":{}}],"line":374},"9":{"loc":{"start":{"line":386,"column":1},"end":{"line":388,"column":2}},"type":"if","locations":[{"start":{"line":386,"column":1},"end":{"line":388,"column":2}},{"start":{},"end":{}}],"line":386},"10":{"loc":{"start":{"line":395,"column":3},"end":{"line":397,"column":4}},"type":"if","locations":[{"start":{"line":395,"column":3},"end":{"line":397,"column":4}},{"start":{},"end":{}}],"line":395}},"s":{"0":4,"1":4,"2":4,"3":0,"4":0,"5":0,"6":4,"7":0,"8":0,"9":0,"10":4,"11":1,"12":1,"13":0,"14":0,"15":0,"16":0,"17":1,"18":4,"19":0,"20":0,"21":0,"22":0,"23":0,"24":0,"25":0,"26":0,"27":4,"28":0,"29":0,"30":0,"31":0,"32":0,"33":0,"34":0,"35":4,"36":0,"37":0,"38":2,"39":2,"40":2,"41":0,"42":0,"43":0,"44":0,"45":0,"46":0,"47":0,"48":0,"49":0,"50":0,"51":0,"52":0,"53":0,"54":0,"55":0,"56":0,"57":0,"58":2},"f":{"0":0,"1":0,"2":0,"3":0,"4":0,"5":0,"6":1,"7":0,"8":1,"9":0,"10":0,"11":0,"12":0,"13":0,"14":0,"15":2,"16":0,"17":0,"18":0,"19":2},"b":{"0":[0,0],"1":[0,0],"2":[0,0],"3":[0,0],"4":[0,0],"5":[0,0,0],"6":[2,0],"7":[0,0],"8":[0,0],"9":[0,0],"10":[0,0]},"_coverageSchema":"1a1c01bbd47fc00a2c39e90264f33305004495a9","hash":"caa987481371f856eeade4c1f1668e5c00d59b27"}
,"/Users/Patrick_Marques_Meliciano/Desktop/DogWalkAPI/utils/authenticate.js": {"path":"/Users/Patrick_Marques_Meliciano/Desktop/DogWalkAPI/utils/authenticate.js","statementMap":{"0":{"start":{"line":4,"column":18},"end":{"line":4,"column":52}},"1":{"start":{"line":5,"column":18},"end":{"line":5,"column":39}},"2":{"start":{"line":9,"column":24},"end":{"line":9,"column":48}},"3":{"start":{"line":10,"column":2},"end":{"line":12,"column":3}},"4":{"start":{"line":11,"column":4},"end":{"line":11,"column":75}},"5":{"start":{"line":14,"column":16},"end":{"line":14,"column":52}},"6":{"start":{"line":15,"column":2},"end":{"line":17,"column":3}},"7":{"start":{"line":16,"column":4},"end":{"line":16,"column":78}},"8":{"start":{"line":19,"column":16},"end":{"line":19,"column":24}},"9":{"start":{"line":20,"column":2},"end":{"line":25,"column":5}},"10":{"start":{"line":21,"column":4},"end":{"line":21,"column":36}},"11":{"start":{"line":22,"column":4},"end":{"line":22,"column":11}},"12":{"start":{"line":24,"column":4},"end":{"line":24,"column":65}}},"fnMap":{"0":{"name":"authenticate","decl":{"start":{"line":7,"column":16},"end":{"line":7,"column":28}},"loc":{"start":{"line":7,"column":45},"end":{"line":26,"column":1}},"line":7},"1":{"name":"(anonymous_1)","decl":{"start":{"line":20,"column":35},"end":{"line":20,"column":36}},"loc":{"start":{"line":20,"column":46},"end":{"line":23,"column":3}},"line":20},"2":{"name":"(anonymous_2)","decl":{"start":{"line":23,"column":11},"end":{"line":23,"column":12}},"loc":{"start":{"line":23,"column":17},"end":{"line":25,"column":3}},"line":23}},"branchMap":{"0":{"loc":{"start":{"line":4,"column":18},"end":{"line":4,"column":52}},"type":"binary-expr","locations":[{"start":{"line":4,"column":18},"end":{"line":4,"column":40}},{"start":{"line":4,"column":44},"end":{"line":4,"column":52}}],"line":4},"1":{"loc":{"start":{"line":10,"column":2},"end":{"line":12,"column":3}},"type":"if","locations":[{"start":{"line":10,"column":2},"end":{"line":12,"column":3}},{"start":{},"end":{}}],"line":10},"2":{"loc":{"start":{"line":15,"column":2},"end":{"line":17,"column":3}},"type":"if","locations":[{"start":{"line":15,"column":2},"end":{"line":17,"column":3}},{"start":{},"end":{}}],"line":15}},"s":{"0":4,"1":4,"2":6,"3":6,"4":1,"5":5,"6":5,"7":0,"8":5,"9":5,"10":5,"11":5,"12":0},"f":{"0":6,"1":5,"2":0},"b":{"0":[4,4],"1":[1,5],"2":[0,5]},"_coverageSchema":"1a1c01bbd47fc00a2c39e90264f33305004495a9","hash":"eb6588365ccd3407d486907d79d599ebe88100db"}
,"/Users/Patrick_Marques_Meliciano/Desktop/DogWalkAPI/utils/databaseoperations.js": {"path":"/Users/Patrick_Marques_Meliciano/Desktop/DogWalkAPI/utils/databaseoperations.js","statementMap":{"0":{"start":{"line":9,"column":16},"end":{"line":9,"column":35}},"1":{"start":{"line":11,"column":31},"end":{"line":13,"column":1}},"2":{"start":{"line":12,"column":1},"end":{"line":12,"column":77}},"3":{"start":{"line":16,"column":13},"end":{"line":16,"column":65}},"4":{"start":{"line":17,"column":16},"end":{"line":17,"column":43}},"5":{"start":{"line":18,"column":1},"end":{"line":18,"column":40}},"6":{"start":{"line":22,"column":14},"end":{"line":35,"column":4}},"7":{"start":{"line":38,"column":1},"end":{"line":41,"column":4}},"8":{"start":{"line":45,"column":15},"end":{"line":45,"column":43}},"9":{"start":{"line":47,"column":1},"end":{"line":50,"column":3}}},"fnMap":{"0":{"name":"(anonymous_0)","decl":{"start":{"line":11,"column":31},"end":{"line":11,"column":32}},"loc":{"start":{"line":11,"column":49},"end":{"line":13,"column":1}},"line":11},"1":{"name":"generateValidJwt","decl":{"start":{"line":15,"column":22},"end":{"line":15,"column":38}},"loc":{"start":{"line":15,"column":45},"end":{"line":19,"column":1}},"line":15},"2":{"name":"createUserAndGetTokenAndUser","decl":{"start":{"line":21,"column":22},"end":{"line":21,"column":50}},"loc":{"start":{"line":21,"column":53},"end":{"line":51,"column":1}},"line":21}},"branchMap":{},"s":{"0":4,"1":4,"2":4,"3":3,"4":3,"5":3,"6":3,"7":3,"8":3,"9":3},"f":{"0":4,"1":3,"2":3},"b":{},"_coverageSchema":"1a1c01bbd47fc00a2c39e90264f33305004495a9","hash":"065dcc165d6a7762387693314024b73c47d97fb7"}
,"/Users/Patrick_Marques_Meliciano/Desktop/DogWalkAPI/utils/geo.js": {"path":"/Users/Patrick_Marques_Meliciano/Desktop/DogWalkAPI/utils/geo.js","statementMap":{"0":{"start":{"line":3,"column":1},"end":{"line":5,"column":2}},"1":{"start":{"line":4,"column":2},"end":{"line":4,"column":53}},"2":{"start":{"line":7,"column":1},"end":{"line":13,"column":3}},"3":{"start":{"line":17,"column":1},"end":{"line":17,"column":36}},"4":{"start":{"line":21,"column":1},"end":{"line":21,"column":38}}},"fnMap":{"0":{"name":"validateGeoJsonCoordinates","decl":{"start":{"line":2,"column":9},"end":{"line":2,"column":35}},"loc":{"start":{"line":2,"column":43},"end":{"line":14,"column":1}},"line":2},"1":{"name":"isLatitude","decl":{"start":{"line":16,"column":9},"end":{"line":16,"column":19}},"loc":{"start":{"line":16,"column":27},"end":{"line":18,"column":1}},"line":16},"2":{"name":"isLongitude","decl":{"start":{"line":20,"column":9},"end":{"line":20,"column":20}},"loc":{"start":{"line":20,"column":28},"end":{"line":22,"column":1}},"line":20}},"branchMap":{"0":{"loc":{"start":{"line":3,"column":1},"end":{"line":5,"column":2}},"type":"if","locations":[{"start":{"line":3,"column":1},"end":{"line":5,"column":2}},{"start":{},"end":{}}],"line":3},"1":{"loc":{"start":{"line":3,"column":5},"end":{"line":3,"column":33}},"type":"binary-expr","locations":[{"start":{"line":3,"column":5},"end":{"line":3,"column":11}},{"start":{"line":3,"column":15},"end":{"line":3,"column":33}}],"line":3},"2":{"loc":{"start":{"line":8,"column":2},"end":{"line":12,"column":22}},"type":"binary-expr","locations":[{"start":{"line":8,"column":2},"end":{"line":8,"column":22}},{"start":{"line":9,"column":2},"end":{"line":9,"column":19}},{"start":{"line":10,"column":2},"end":{"line":10,"column":19}},{"start":{"line":11,"column":2},"end":{"line":11,"column":23}},{"start":{"line":12,"column":2},"end":{"line":12,"column":22}}],"line":8},"3":{"loc":{"start":{"line":17,"column":8},"end":{"line":17,"column":35}},"type":"binary-expr","locations":[{"start":{"line":17,"column":8},"end":{"line":17,"column":20}},{"start":{"line":17,"column":24},"end":{"line":17,"column":35}}],"line":17},"4":{"loc":{"start":{"line":21,"column":8},"end":{"line":21,"column":37}},"type":"binary-expr","locations":[{"start":{"line":21,"column":8},"end":{"line":21,"column":21}},{"start":{"line":21,"column":25},"end":{"line":21,"column":37}}],"line":21}},"s":{"0":4,"1":0,"2":4,"3":4,"4":4},"f":{"0":4,"1":4,"2":4},"b":{"0":[0,4],"1":[4,4],"2":[4,4,4,4,4],"3":[4,4],"4":[4,4]},"_coverageSchema":"1a1c01bbd47fc00a2c39e90264f33305004495a9","hash":"c97ed7340ed098c8cdf8bde41015102a9a2e15e0"}
,"/Users/Patrick_Marques_Meliciano/Desktop/DogWalkAPI/utils/pagination.js": {"path":"/Users/Patrick_Marques_Meliciano/Desktop/DogWalkAPI/utils/pagination.js","statementMap":{"0":{"start":{"line":7,"column":15},"end":{"line":7,"column":43}},"1":{"start":{"line":8,"column":4},"end":{"line":10,"column":5}},"2":{"start":{"line":9,"column":6},"end":{"line":9,"column":15}},"3":{"start":{"line":13,"column":19},"end":{"line":13,"column":51}},"4":{"start":{"line":14,"column":4},"end":{"line":16,"column":5}},"5":{"start":{"line":15,"column":6},"end":{"line":15,"column":21}},"6":{"start":{"line":18,"column":4},"end":{"line":18,"column":30}},"7":{"start":{"line":22,"column":18},"end":{"line":22,"column":20}},"8":{"start":{"line":23,"column":16},"end":{"line":23,"column":38}},"9":{"start":{"line":24,"column":20},"end":{"line":24,"column":47}},"10":{"start":{"line":27,"column":4},"end":{"line":30,"column":5}},"11":{"start":{"line":28,"column":6},"end":{"line":28,"column":80}},"12":{"start":{"line":29,"column":6},"end":{"line":29,"column":88}},"13":{"start":{"line":33,"column":4},"end":{"line":36,"column":5}},"14":{"start":{"line":34,"column":6},"end":{"line":34,"column":88}},"15":{"start":{"line":35,"column":6},"end":{"line":35,"column":87}},"16":{"start":{"line":40,"column":4},"end":{"line":42,"column":5}},"17":{"start":{"line":41,"column":6},"end":{"line":41,"column":47}}},"fnMap":{"0":{"name":"getPaginationParameters","decl":{"start":{"line":5,"column":16},"end":{"line":5,"column":39}},"loc":{"start":{"line":5,"column":45},"end":{"line":19,"column":3}},"line":5},"1":{"name":"addLinkHeader","decl":{"start":{"line":21,"column":18},"end":{"line":21,"column":31}},"loc":{"start":{"line":21,"column":74},"end":{"line":43,"column":3}},"line":21}},"branchMap":{"0":{"loc":{"start":{"line":8,"column":4},"end":{"line":10,"column":5}},"type":"if","locations":[{"start":{"line":8,"column":4},"end":{"line":10,"column":5}},{"start":{},"end":{}}],"line":8},"1":{"loc":{"start":{"line":8,"column":8},"end":{"line":8,"column":31}},"type":"binary-expr","locations":[{"start":{"line":8,"column":8},"end":{"line":8,"column":19}},{"start":{"line":8,"column":23},"end":{"line":8,"column":31}}],"line":8},"2":{"loc":{"start":{"line":14,"column":4},"end":{"line":16,"column":5}},"type":"if","locations":[{"start":{"line":14,"column":4},"end":{"line":16,"column":5}},{"start":{},"end":{}}],"line":14},"3":{"loc":{"start":{"line":14,"column":8},"end":{"line":14,"column":57}},"type":"binary-expr","locations":[{"start":{"line":14,"column":8},"end":{"line":14,"column":23}},{"start":{"line":14,"column":27},"end":{"line":14,"column":39}},{"start":{"line":14,"column":43},"end":{"line":14,"column":57}}],"line":14},"4":{"loc":{"start":{"line":27,"column":4},"end":{"line":30,"column":5}},"type":"if","locations":[{"start":{"line":27,"column":4},"end":{"line":30,"column":5}},{"start":{},"end":{}}],"line":27},"5":{"loc":{"start":{"line":33,"column":4},"end":{"line":36,"column":5}},"type":"if","locations":[{"start":{"line":33,"column":4},"end":{"line":36,"column":5}},{"start":{},"end":{}}],"line":33},"6":{"loc":{"start":{"line":40,"column":4},"end":{"line":42,"column":5}},"type":"if","locations":[{"start":{"line":40,"column":4},"end":{"line":42,"column":5}},{"start":{},"end":{}}],"line":40}},"s":{"0":1,"1":1,"2":1,"3":1,"4":1,"5":1,"6":1,"7":1,"8":1,"9":1,"10":1,"11":0,"12":0,"13":1,"14":0,"15":0,"16":1,"17":0},"f":{"0":1,"1":1},"b":{"0":[1,0],"1":[1,0],"2":[1,0],"3":[1,0,0],"4":[0,1],"5":[0,1],"6":[0,1]},"_coverageSchema":"1a1c01bbd47fc00a2c39e90264f33305004495a9","hash":"1d6ba7019982b54d3beb4b5e62733701e7fc3422"}
,"/Users/Patrick_Marques_Meliciano/Desktop/DogWalkAPI/utils/requirejson.js": {"path":"/Users/Patrick_Marques_Meliciano/Desktop/DogWalkAPI/utils/requirejson.js","statementMap":{"0":{"start":{"line":2,"column":4},"end":{"line":4,"column":5}},"1":{"start":{"line":3,"column":6},"end":{"line":3,"column":20}},"2":{"start":{"line":6,"column":18},"end":{"line":6,"column":88}},"3":{"start":{"line":7,"column":4},"end":{"line":7,"column":23}},"4":{"start":{"line":8,"column":4},"end":{"line":8,"column":16}}},"fnMap":{"0":{"name":"requireJson","decl":{"start":{"line":1,"column":24},"end":{"line":1,"column":35}},"loc":{"start":{"line":1,"column":52},"end":{"line":9,"column":3}},"line":1}},"branchMap":{"0":{"loc":{"start":{"line":2,"column":4},"end":{"line":4,"column":5}},"type":"if","locations":[{"start":{"line":2,"column":4},"end":{"line":4,"column":5}},{"start":{},"end":{}}],"line":2}},"s":{"0":1,"1":1,"2":0,"3":0,"4":0},"f":{"0":1},"b":{"0":[1,0]},"_coverageSchema":"1a1c01bbd47fc00a2c39e90264f33305004495a9","hash":"fdf44533ad63f835393a02c6927fb78d5e9881bd"}
}
