TN:
SF:app.js
FN:64,(anonymous_0)
FN:69,(anonymous_1)
FNF:2
FNH:2
FNDA:3,(anonymous_0)
FNDA:4,(anonymous_1)
DA:12,4
DA:14,4
DA:16,4
DA:43,4
DA:44,4
DA:51,4
DA:52,0
DA:55,4
DA:56,4
DA:58,4
DA:59,4
DA:60,4
DA:61,4
DA:64,4
DA:65,3
DA:69,4
DA:71,4
DA:72,4
DA:75,4
DA:76,4
LF:20
LH:19
BRDA:12,0,0,4
BRDA:12,0,1,0
BRDA:51,1,0,0
BRDA:51,1,1,4
BRDA:72,2,0,0
BRDA:72,2,1,4
BRDA:75,3,0,4
BRDA:75,3,1,1
BRF:8
BRH:5
end_of_record
TN:
SF:config.js
FNF:0
FNH:0
DA:1,4
DA:2,4
LF:2
LH:2
BRDA:1,0,0,4
BRDA:1,0,1,4
BRDA:2,1,0,4
BRDA:2,1,1,4
BRF:4
BRH:4
end_of_record
TN:
SF:messaging.js
FN:8,createWebSocketServer
FN:15,(anonymous_1)
FN:22,(anonymous_2)
FN:37,(anonymous_3)
FN:44,broadcastMessage
FN:50,(anonymous_5)
FN:55,onMessageReceived
FNF:7
FNH:0
FNDA:0,createWebSocketServer
FNDA:0,(anonymous_1)
FNDA:0,(anonymous_2)
FNDA:0,(anonymous_3)
FNDA:0,broadcastMessage
FNDA:0,(anonymous_5)
FNDA:0,onMessageReceived
DA:4,4
DA:6,4
DA:9,0
DA:10,0
DA:15,0
DA:16,0
DA:19,0
DA:22,0
DA:25,0
DA:26,0
DA:29,0
DA:33,0
DA:37,0
DA:38,0
DA:39,0
DA:45,0
DA:50,0
DA:51,0
DA:56,0
LF:19
LH:2
BRF:0
BRH:0
end_of_record
TN:
SF:models/dog.js
FN:79,(anonymous_0)
FN:114,(anonymous_1)
FNF:2
FNH:2
FNDA:1,(anonymous_0)
FNDA:1,(anonymous_1)
DA:50,4
DA:52,4
DA:54,4
DA:80,1
DA:81,1
DA:85,0
DA:86,0
DA:87,0
DA:88,0
DA:90,0
DA:94,0
DA:95,0
DA:98,0
DA:99,0
DA:102,0
DA:116,1
DA:117,1
DA:118,0
DA:119,0
DA:121,0
DA:125,1
DA:126,0
DA:129,1
DA:130,0
DA:133,1
LF:25
LH:10
BRDA:80,0,0,1
BRDA:80,0,1,0
BRDA:80,1,0,1
BRDA:80,1,1,1
BRDA:88,2,0,0
BRDA:88,2,1,0
BRDA:94,3,0,0
BRDA:94,3,1,0
BRDA:98,4,0,0
BRDA:98,4,1,0
BRDA:119,5,0,0
BRDA:119,5,1,0
BRDA:125,6,0,0
BRDA:125,6,1,1
BRDA:129,7,0,0
BRDA:129,7,1,1
BRF:16
BRH:5
end_of_record
TN:
SF:models/user.js
FN:126,(anonymous_0)
FNF:1
FNH:0
FNDA:0,(anonymous_0)
DA:72,4
DA:74,4
DA:127,0
DA:128,0
DA:130,0
DA:131,0
DA:133,0
DA:136,0
LF:8
LH:2
BRDA:128,0,0,0
BRDA:128,0,1,0
BRDA:130,1,0,0
BRDA:130,1,1,0
BRF:4
BRH:0
end_of_record
TN:
SF:models/walk.js
FN:73,(anonymous_0)
FNF:1
FNH:1
FNDA:1,(anonymous_0)
DA:43,4
DA:45,4
DA:75,1
DA:76,1
DA:77,0
DA:80,1
LF:6
LH:5
BRDA:76,0,0,0
BRDA:76,0,1,1
BRF:2
BRH:1
end_of_record
TN:
SF:routes/dogs.js
FN:34,(anonymous_0)
FN:38,(anonymous_1)
FN:41,(anonymous_2)
FN:74,(anonymous_3)
FN:77,(anonymous_4)
FN:80,(anonymous_5)
FN:131,(anonymous_6)
FN:137,(anonymous_7)
FN:146,(anonymous_8)
FN:210,(anonymous_9)
FN:238,(anonymous_10)
FN:307,(anonymous_11)
FN:334,(anonymous_12)
FN:372,(anonymous_13)
FN:375,(anonymous_14)
FN:382,loadDogFromParamsMiddleware
FN:392,(anonymous_16)
FN:406,loadDogFromParamsMiddlewareForGet
FN:416,(anonymous_18)
FN:427,dogNotFound
FNF:20
FNH:2
FNDA:0,(anonymous_0)
FNDA:0,(anonymous_1)
FNDA:0,(anonymous_2)
FNDA:0,(anonymous_3)
FNDA:0,(anonymous_4)
FNDA:0,(anonymous_5)
FNDA:1,(anonymous_6)
FNDA:0,(anonymous_7)
FNDA:1,(anonymous_8)
FNDA:0,(anonymous_9)
FNDA:0,(anonymous_10)
FNDA:0,(anonymous_11)
FNDA:0,(anonymous_12)
FNDA:0,(anonymous_13)
FNDA:0,(anonymous_14)
FNDA:0,loadDogFromParamsMiddleware
FNDA:0,(anonymous_16)
FNDA:0,loadDogFromParamsMiddlewareForGet
FNDA:0,(anonymous_18)
FNDA:0,dogNotFound
DA:7,4
DA:9,4
DA:34,4
DA:35,0
DA:39,0
DA:42,0
DA:70,4
DA:75,0
DA:78,0
DA:81,0
DA:131,4
DA:133,1
DA:135,1
DA:139,0
DA:140,0
DA:144,0
DA:147,1
DA:205,4
DA:212,0
DA:213,0
DA:216,0
DA:217,0
DA:220,0
DA:221,0
DA:224,0
DA:225,0
DA:228,0
DA:229,0
DA:232,0
DA:233,0
DA:236,0
DA:240,0
DA:302,4
DA:310,0
DA:311,0
DA:312,0
DA:313,0
DA:314,0
DA:315,0
DA:318,0
DA:325,0
DA:332,0
DA:336,0
DA:368,4
DA:373,0
DA:376,0
DA:383,0
DA:384,0
DA:385,0
DA:388,0
DA:390,0
DA:393,0
DA:394,0
DA:396,0
DA:397,0
DA:400,0
DA:401,0
DA:407,0
DA:408,0
DA:409,0
DA:412,0
DA:414,0
DA:417,0
DA:418,0
DA:421,0
DA:422,0
DA:428,0
LF:67
LH:11
BRDA:139,0,0,0
BRDA:139,0,1,0
BRDA:212,1,0,0
BRDA:212,1,1,0
BRDA:216,2,0,0
BRDA:216,2,1,0
BRDA:220,3,0,0
BRDA:220,3,1,0
BRDA:224,4,0,0
BRDA:224,4,1,0
BRDA:228,5,0,0
BRDA:228,5,1,0
BRDA:232,6,0,0
BRDA:232,6,1,0
BRDA:318,7,0,0
BRDA:318,7,1,0
BRDA:319,8,0,0
BRDA:319,8,1,0
BRDA:319,8,2,0
BRDA:319,8,3,0
BRDA:319,8,4,0
BRDA:384,9,0,0
BRDA:384,9,1,0
BRDA:393,10,0,0
BRDA:393,10,1,0
BRDA:396,11,0,0
BRDA:396,11,1,0
BRDA:408,12,0,0
BRDA:408,12,1,0
BRDA:417,13,0,0
BRDA:417,13,1,0
BRF:31
BRH:0
end_of_record
TN:
SF:routes/index.js
FN:4,(anonymous_0)
FNF:1
FNH:0
FNDA:0,(anonymous_0)
DA:2,4
DA:4,4
DA:5,0
LF:3
LH:2
BRF:0
BRH:0
end_of_record
TN:
SF:routes/users.js
FN:41,(anonymous_0)
FN:43,(anonymous_1)
FN:102,(anonymous_2)
FN:105,(anonymous_3)
FN:117,queryUser
FN:141,(anonymous_5)
FN:147,(anonymous_6)
FN:150,(anonymous_7)
FN:179,(anonymous_8)
FN:182,(anonymous_9)
FN:185,(anonymous_10)
FN:251,(anonymous_11)
FN:321,(anonymous_12)
FN:324,(anonymous_13)
FN:327,(anonymous_14)
FN:337,(anonymous_15)
FN:430,(anonymous_16)
FN:470,(anonymous_17)
FN:521,(anonymous_18)
FN:525,(anonymous_19)
FN:569,(anonymous_20)
FN:573,(anonymous_21)
FN:664,(anonymous_22)
FN:695,(anonymous_23)
FN:730,(anonymous_24)
FN:733,(anonymous_25)
FN:739,loadUserFromParamsMiddleware
FN:749,(anonymous_27)
FN:762,loadUserFromParamsMiddlewareForGet
FN:772,(anonymous_29)
FN:783,userNotFound
FNF:31
FNH:6
FNDA:4,(anonymous_0)
FNDA:4,(anonymous_1)
FNDA:4,(anonymous_2)
FNDA:4,(anonymous_3)
FNDA:4,queryUser
FNDA:0,(anonymous_5)
FNDA:0,(anonymous_6)
FNDA:0,(anonymous_7)
FNDA:0,(anonymous_8)
FNDA:0,(anonymous_9)
FNDA:0,(anonymous_10)
FNDA:3,(anonymous_11)
FNDA:0,(anonymous_12)
FNDA:0,(anonymous_13)
FNDA:0,(anonymous_14)
FNDA:0,(anonymous_15)
FNDA:0,(anonymous_16)
FNDA:0,(anonymous_17)
FNDA:0,(anonymous_18)
FNDA:0,(anonymous_19)
FNDA:0,(anonymous_20)
FNDA:0,(anonymous_21)
FNDA:0,(anonymous_22)
FNDA:0,(anonymous_23)
FNDA:0,(anonymous_24)
FNDA:0,(anonymous_25)
FNDA:0,loadUserFromParamsMiddleware
FNDA:0,(anonymous_27)
FNDA:0,loadUserFromParamsMiddlewareForGet
FNDA:0,(anonymous_29)
FNDA:0,userNotFound
DA:12,4
DA:14,4
DA:16,4
DA:41,4
DA:42,4
DA:43,4
DA:44,4
DA:46,4
DA:48,4
DA:100,4
DA:103,4
DA:104,4
DA:106,4
DA:108,4
DA:109,4
DA:118,4
DA:119,4
DA:141,4
DA:143,0
DA:144,0
DA:148,0
DA:151,0
DA:179,4
DA:180,0
DA:183,0
DA:186,0
DA:251,4
DA:252,3
DA:254,3
DA:257,3
DA:270,3
DA:273,3
DA:275,0
DA:321,4
DA:322,0
DA:325,0
DA:326,0
DA:327,0
DA:328,0
DA:330,0
DA:335,0
DA:337,0
DA:338,0
DA:425,4
DA:432,0
DA:433,0
DA:436,0
DA:437,0
DA:440,0
DA:441,0
DA:444,0
DA:445,0
DA:448,0
DA:449,0
DA:452,0
DA:453,0
DA:456,0
DA:457,0
DA:460,0
DA:461,0
DA:464,0
DA:465,0
DA:468,0
DA:472,0
DA:517,4
DA:522,0
DA:523,0
DA:526,0
DA:529,0
DA:569,4
DA:570,0
DA:571,0
DA:574,0
DA:659,4
DA:667,0
DA:668,0
DA:669,0
DA:670,0
DA:671,0
DA:672,0
DA:673,0
DA:674,0
DA:675,0
DA:678,0
DA:686,0
DA:693,0
DA:697,0
DA:730,4
DA:731,0
DA:734,0
DA:740,0
DA:741,0
DA:742,0
DA:745,0
DA:747,0
DA:750,0
DA:751,0
DA:753,0
DA:754,0
DA:756,0
DA:757,0
DA:763,0
DA:764,0
DA:765,0
DA:768,0
DA:770,0
DA:773,0
DA:774,0
DA:777,0
DA:778,0
DA:784,0
LF:111
LH:31
BRDA:325,0,0,0
BRDA:325,0,1,0
BRDA:326,1,0,0
BRDA:326,1,1,0
BRDA:328,2,0,0
BRDA:328,2,1,0
BRDA:335,3,0,0
BRDA:335,3,1,0
BRDA:432,4,0,0
BRDA:432,4,1,0
BRDA:436,5,0,0
BRDA:436,5,1,0
BRDA:440,6,0,0
BRDA:440,6,1,0
BRDA:444,7,0,0
BRDA:444,7,1,0
BRDA:448,8,0,0
BRDA:448,8,1,0
BRDA:452,9,0,0
BRDA:452,9,1,0
BRDA:456,10,0,0
BRDA:456,10,1,0
BRDA:460,11,0,0
BRDA:460,11,1,0
BRDA:464,12,0,0
BRDA:464,12,1,0
BRDA:678,13,0,0
BRDA:678,13,1,0
BRDA:679,14,0,0
BRDA:679,14,1,0
BRDA:679,14,2,0
BRDA:679,14,3,0
BRDA:679,14,4,0
BRDA:679,14,5,0
BRDA:741,15,0,0
BRDA:741,15,1,0
BRDA:750,16,0,0
BRDA:750,16,1,0
BRDA:753,17,0,0
BRDA:753,17,1,0
BRDA:764,18,0,0
BRDA:764,18,1,0
BRDA:773,19,0,0
BRDA:773,19,1,0
BRF:44
BRH:0
end_of_record
TN:
SF:routes/walks.js
FN:36,(anonymous_0)
FN:40,(anonymous_1)
FN:43,(anonymous_2)
FN:72,(anonymous_3)
FN:75,(anonymous_4)
FN:78,(anonymous_5)
FN:136,(anonymous_6)
FN:142,(anonymous_7)
FN:153,(anonymous_8)
FN:219,(anonymous_9)
FN:235,(anonymous_10)
FN:306,(anonymous_11)
FN:321,(anonymous_12)
FN:356,(anonymous_13)
FN:359,(anonymous_14)
FN:365,loadWalkFromParamsMiddleware
FN:375,(anonymous_16)
FN:389,loadWalkFromParamsMiddlewareForGet
FN:399,(anonymous_18)
FN:409,walkNotFound
FNF:20
FNH:4
FNDA:0,(anonymous_0)
FNDA:0,(anonymous_1)
FNDA:0,(anonymous_2)
FNDA:0,(anonymous_3)
FNDA:0,(anonymous_4)
FNDA:0,(anonymous_5)
FNDA:1,(anonymous_6)
FNDA:1,(anonymous_7)
FNDA:0,(anonymous_8)
FNDA:0,(anonymous_9)
FNDA:0,(anonymous_10)
FNDA:0,(anonymous_11)
FNDA:0,(anonymous_12)
FNDA:0,(anonymous_13)
FNDA:0,(anonymous_14)
FNDA:2,loadWalkFromParamsMiddleware
FNDA:0,(anonymous_16)
FNDA:0,loadWalkFromParamsMiddlewareForGet
FNDA:0,(anonymous_18)
FNDA:2,walkNotFound
DA:8,4
DA:10,4
DA:36,4
DA:37,0
DA:41,0
DA:44,0
DA:72,4
DA:73,0
DA:76,0
DA:79,0
DA:136,4
DA:138,1
DA:140,1
DA:143,1
DA:144,1
DA:146,0
DA:151,0
DA:154,0
DA:214,4
DA:221,0
DA:222,0
DA:225,0
DA:226,0
DA:229,0
DA:230,0
DA:233,0
DA:237,0
DA:301,4
DA:308,0
DA:309,0
DA:310,0
DA:313,0
DA:314,0
DA:319,0
DA:323,0
DA:356,4
DA:357,0
DA:360,0
DA:366,2
DA:367,2
DA:368,2
DA:371,0
DA:373,0
DA:376,0
DA:377,0
DA:379,0
DA:380,0
DA:383,0
DA:384,0
DA:390,0
DA:391,0
DA:392,0
DA:395,0
DA:397,0
DA:400,0
DA:401,0
DA:403,0
DA:404,0
DA:410,2
LF:59
LH:16
BRDA:143,0,0,1
BRDA:143,0,1,0
BRDA:221,1,0,0
BRDA:221,1,1,0
BRDA:225,2,0,0
BRDA:225,2,1,0
BRDA:229,3,0,0
BRDA:229,3,1,0
BRDA:313,4,0,0
BRDA:313,4,1,0
BRDA:313,5,0,0
BRDA:313,5,1,0
BRDA:313,5,2,0
BRDA:367,6,0,2
BRDA:367,6,1,0
BRDA:376,7,0,0
BRDA:376,7,1,0
BRDA:379,8,0,0
BRDA:379,8,1,0
BRDA:391,9,0,0
BRDA:391,9,1,0
BRDA:400,10,0,0
BRDA:400,10,1,0
BRF:23
BRH:2
end_of_record
TN:
SF:utils/authenticate.js
FN:7,authenticate
FN:20,(anonymous_1)
FN:23,(anonymous_2)
FNF:3
FNH:2
FNDA:9,authenticate
FNDA:8,(anonymous_1)
FNDA:0,(anonymous_2)
DA:4,4
DA:5,4
DA:9,9
DA:10,9
DA:11,1
DA:14,8
DA:15,8
DA:16,0
DA:19,8
DA:20,8
DA:21,8
DA:22,8
DA:24,0
LF:13
LH:11
BRDA:4,0,0,4
BRDA:4,0,1,4
BRDA:10,1,0,1
BRDA:10,1,1,8
BRDA:15,2,0,0
BRDA:15,2,1,8
BRF:6
BRH:5
end_of_record
TN:
SF:utils/databaseoperations.js
FN:11,(anonymous_0)
FN:15,generateValidJwt
FN:21,createUserAndGetTokenAndUser
FNF:3
FNH:3
FNDA:4,(anonymous_0)
FNDA:3,generateValidJwt
FNDA:3,createUserAndGetTokenAndUser
DA:9,4
DA:11,4
DA:12,4
DA:16,3
DA:17,3
DA:18,3
DA:22,3
DA:38,3
DA:45,3
DA:48,3
DA:54,3
LF:11
LH:11
BRF:0
BRH:0
end_of_record
TN:
SF:utils/geo.js
FN:2,validateGeoJsonCoordinates
FN:16,isLatitude
FN:20,isLongitude
FNF:3
FNH:3
FNDA:4,validateGeoJsonCoordinates
FNDA:4,isLatitude
FNDA:4,isLongitude
DA:3,4
DA:4,0
DA:7,4
DA:17,4
DA:21,4
LF:5
LH:4
BRDA:3,0,0,0
BRDA:3,0,1,4
BRDA:3,1,0,4
BRDA:3,1,1,4
BRDA:8,2,0,4
BRDA:8,2,1,4
BRDA:8,2,2,4
BRDA:8,2,3,4
BRDA:8,2,4,4
BRDA:17,3,0,4
BRDA:17,3,1,4
BRDA:21,4,0,4
BRDA:21,4,1,4
BRF:13
BRH:12
end_of_record
TN:
SF:utils/pagination.js
FN:5,getPaginationParameters
FN:21,addLinkHeader
FNF:2
FNH:2
FNDA:4,getPaginationParameters
FNDA:4,addLinkHeader
DA:7,4
DA:8,4
DA:9,4
DA:13,4
DA:14,4
DA:15,4
DA:18,4
DA:22,4
DA:23,4
DA:24,4
DA:27,4
DA:28,0
DA:29,0
DA:33,4
DA:34,0
DA:35,0
DA:40,4
DA:41,0
LF:18
LH:13
BRDA:8,0,0,4
BRDA:8,0,1,0
BRDA:8,1,0,4
BRDA:8,1,1,0
BRDA:14,2,0,4
BRDA:14,2,1,0
BRDA:14,3,0,4
BRDA:14,3,1,0
BRDA:14,3,2,0
BRDA:27,4,0,0
BRDA:27,4,1,4
BRDA:33,5,0,0
BRDA:33,5,1,4
BRDA:40,6,0,0
BRDA:40,6,1,4
BRF:15
BRH:7
end_of_record
TN:
SF:utils/requirejson.js
FN:1,requireJson
FNF:1
FNH:1
FNDA:1,requireJson
DA:2,1
DA:3,1
DA:6,0
DA:7,0
DA:8,0
LF:5
LH:2
BRDA:2,0,0,1
BRDA:2,0,1,0
BRF:2
BRH:1
end_of_record
