TN:
SF:app.js
FN:58,(anonymous_0)
FN:63,(anonymous_1)
FNF:2
FNH:0
FNDA:0,(anonymous_0)
FNDA:0,(anonymous_1)
DA:12,3
DA:14,3
DA:16,3
DA:37,3
DA:38,3
DA:45,3
DA:46,0
DA:49,3
DA:50,3
DA:52,3
DA:53,3
DA:54,3
DA:55,3
DA:58,3
DA:59,0
DA:63,3
DA:65,0
DA:66,0
DA:69,0
DA:70,0
LF:20
LH:14
BRDA:12,0,0,3
BRDA:12,0,1,0
BRDA:45,1,0,0
BRDA:45,1,1,3
BRDA:66,2,0,0
BRDA:66,2,1,0
BRDA:69,3,0,0
BRDA:69,3,1,0
BRF:8
BRH:2
end_of_record
TN:
SF:config.js
FNF:0
FNH:0
DA:1,3
DA:2,3
LF:2
LH:2
BRDA:1,0,0,3
BRDA:1,0,1,3
BRDA:2,1,0,3
BRDA:2,1,1,3
BRF:4
BRH:4
end_of_record
TN:
SF:messaging.js
FN:8,createWebSocketServer
FN:15,(anonymous_1)
FN:22,(anonymous_2)
FN:37,(anonymous_3)
FN:44,broadcastMessage
FN:50,(anonymous_5)
FN:55,onMessageReceived
FNF:7
FNH:0
FNDA:0,createWebSocketServer
FNDA:0,(anonymous_1)
FNDA:0,(anonymous_2)
FNDA:0,(anonymous_3)
FNDA:0,broadcastMessage
FNDA:0,(anonymous_5)
FNDA:0,onMessageReceived
DA:4,3
DA:6,3
DA:9,0
DA:10,0
DA:15,0
DA:16,0
DA:19,0
DA:22,0
DA:25,0
DA:26,0
DA:29,0
DA:33,0
DA:37,0
DA:38,0
DA:39,0
DA:45,0
DA:50,0
DA:51,0
DA:56,0
LF:19
LH:2
BRF:0
BRH:0
end_of_record
TN:
SF:models/dog.js
FN:79,(anonymous_0)
FN:114,(anonymous_1)
FNF:2
FNH:0
FNDA:0,(anonymous_0)
FNDA:0,(anonymous_1)
DA:50,3
DA:52,3
DA:54,3
DA:80,0
DA:81,0
DA:85,0
DA:86,0
DA:87,0
DA:88,0
DA:90,0
DA:94,0
DA:95,0
DA:98,0
DA:99,0
DA:102,0
DA:116,0
DA:117,0
DA:118,0
DA:119,0
DA:121,0
DA:125,0
DA:126,0
DA:129,0
DA:130,0
DA:133,0
LF:25
LH:3
BRDA:80,0,0,0
BRDA:80,0,1,0
BRDA:80,1,0,0
BRDA:80,1,1,0
BRDA:88,2,0,0
BRDA:88,2,1,0
BRDA:94,3,0,0
BRDA:94,3,1,0
BRDA:98,4,0,0
BRDA:98,4,1,0
BRDA:119,5,0,0
BRDA:119,5,1,0
BRDA:125,6,0,0
BRDA:125,6,1,0
BRDA:129,7,0,0
BRDA:129,7,1,0
BRF:16
BRH:0
end_of_record
TN:
SF:models/user.js
FN:126,(anonymous_0)
FNF:1
FNH:0
FNDA:0,(anonymous_0)
DA:72,3
DA:74,3
DA:127,0
DA:128,0
DA:130,0
DA:131,0
DA:133,0
DA:136,0
LF:8
LH:2
BRDA:128,0,0,0
BRDA:128,0,1,0
BRDA:130,1,0,0
BRDA:130,1,1,0
BRF:4
BRH:0
end_of_record
TN:
SF:models/walk.js
FN:73,(anonymous_0)
FNF:1
FNH:1
FNDA:2,(anonymous_0)
DA:43,3
DA:45,3
DA:75,2
DA:76,2
DA:77,0
DA:80,2
LF:6
LH:5
BRDA:76,0,0,0
BRDA:76,0,1,2
BRF:2
BRH:1
end_of_record
TN:
SF:routes/dogs.js
FN:34,(anonymous_0)
FN:38,(anonymous_1)
FN:41,(anonymous_2)
FN:70,(anonymous_3)
FN:73,(anonymous_4)
FN:76,(anonymous_5)
FN:130,(anonymous_6)
FN:136,(anonymous_7)
FN:140,(anonymous_8)
FN:201,(anonymous_9)
FN:229,(anonymous_10)
FN:293,(anonymous_11)
FN:320,(anonymous_12)
FN:352,(anonymous_13)
FN:355,(anonymous_14)
FN:361,loadDogFromParamsMiddleware
FN:371,(anonymous_16)
FN:382,dogNotFound
FNF:18
FNH:0
FNDA:0,(anonymous_0)
FNDA:0,(anonymous_1)
FNDA:0,(anonymous_2)
FNDA:0,(anonymous_3)
FNDA:0,(anonymous_4)
FNDA:0,(anonymous_5)
FNDA:0,(anonymous_6)
FNDA:0,(anonymous_7)
FNDA:0,(anonymous_8)
FNDA:0,(anonymous_9)
FNDA:0,(anonymous_10)
FNDA:0,(anonymous_11)
FNDA:0,(anonymous_12)
FNDA:0,(anonymous_13)
FNDA:0,(anonymous_14)
FNDA:0,loadDogFromParamsMiddleware
FNDA:0,(anonymous_16)
FNDA:0,dogNotFound
DA:7,3
DA:9,3
DA:34,3
DA:35,0
DA:39,0
DA:42,0
DA:70,3
DA:71,0
DA:74,0
DA:77,0
DA:130,3
DA:132,0
DA:134,0
DA:138,0
DA:141,0
DA:197,3
DA:203,0
DA:204,0
DA:207,0
DA:208,0
DA:211,0
DA:212,0
DA:215,0
DA:216,0
DA:219,0
DA:220,0
DA:223,0
DA:224,0
DA:227,0
DA:231,0
DA:289,3
DA:296,0
DA:297,0
DA:298,0
DA:299,0
DA:300,0
DA:301,0
DA:304,0
DA:311,0
DA:318,0
DA:322,0
DA:352,3
DA:353,0
DA:356,0
DA:362,0
DA:363,0
DA:364,0
DA:367,0
DA:369,0
DA:372,0
DA:373,0
DA:376,0
DA:377,0
DA:383,0
LF:54
LH:8
BRDA:203,0,0,0
BRDA:203,0,1,0
BRDA:207,1,0,0
BRDA:207,1,1,0
BRDA:211,2,0,0
BRDA:211,2,1,0
BRDA:215,3,0,0
BRDA:215,3,1,0
BRDA:219,4,0,0
BRDA:219,4,1,0
BRDA:223,5,0,0
BRDA:223,5,1,0
BRDA:304,6,0,0
BRDA:304,6,1,0
BRDA:305,7,0,0
BRDA:305,7,1,0
BRDA:305,7,2,0
BRDA:305,7,3,0
BRDA:305,7,4,0
BRDA:363,8,0,0
BRDA:363,8,1,0
BRDA:372,9,0,0
BRDA:372,9,1,0
BRF:23
BRH:0
end_of_record
TN:
SF:routes/index.js
FN:4,(anonymous_0)
FNF:1
FNH:0
FNDA:0,(anonymous_0)
DA:2,3
DA:4,3
DA:5,0
LF:3
LH:2
BRF:0
BRH:0
end_of_record
TN:
SF:routes/users.js
FN:40,(anonymous_0)
FN:42,(anonymous_1)
FN:101,(anonymous_2)
FN:104,(anonymous_3)
FN:116,queryUser
FN:140,(anonymous_5)
FN:146,(anonymous_6)
FN:149,(anonymous_7)
FN:178,(anonymous_8)
FN:181,(anonymous_9)
FN:184,(anonymous_10)
FN:252,(anonymous_11)
FN:322,(anonymous_12)
FN:325,(anonymous_13)
FN:328,(anonymous_14)
FN:338,(anonymous_15)
FN:424,(anonymous_16)
FN:464,(anonymous_17)
FN:514,(anonymous_18)
FN:518,(anonymous_19)
FN:562,(anonymous_20)
FN:566,(anonymous_21)
FN:654,(anonymous_22)
FN:685,(anonymous_23)
FN:718,(anonymous_24)
FN:721,(anonymous_25)
FN:727,loadUserFromParamsMiddleware
FN:737,(anonymous_27)
FN:748,userNotFound
FNF:29
FNH:5
FNDA:1,(anonymous_0)
FNDA:1,(anonymous_1)
FNDA:1,(anonymous_2)
FNDA:2,(anonymous_3)
FNDA:1,queryUser
FNDA:0,(anonymous_5)
FNDA:0,(anonymous_6)
FNDA:0,(anonymous_7)
FNDA:0,(anonymous_8)
FNDA:0,(anonymous_9)
FNDA:0,(anonymous_10)
FNDA:0,(anonymous_11)
FNDA:0,(anonymous_12)
FNDA:0,(anonymous_13)
FNDA:0,(anonymous_14)
FNDA:0,(anonymous_15)
FNDA:0,(anonymous_16)
FNDA:0,(anonymous_17)
FNDA:0,(anonymous_18)
FNDA:0,(anonymous_19)
FNDA:0,(anonymous_20)
FNDA:0,(anonymous_21)
FNDA:0,(anonymous_22)
FNDA:0,(anonymous_23)
FNDA:0,(anonymous_24)
FNDA:0,(anonymous_25)
FNDA:0,loadUserFromParamsMiddleware
FNDA:0,(anonymous_27)
FNDA:0,userNotFound
DA:11,3
DA:13,3
DA:15,3
DA:40,3
DA:41,1
DA:42,1
DA:43,1
DA:45,1
DA:47,1
DA:99,1
DA:102,1
DA:103,1
DA:105,2
DA:107,2
DA:108,2
DA:117,1
DA:118,1
DA:140,3
DA:142,0
DA:143,0
DA:147,0
DA:150,0
DA:178,3
DA:179,0
DA:182,0
DA:185,0
DA:252,3
DA:253,0
DA:255,0
DA:258,0
DA:271,0
DA:274,0
DA:276,0
DA:322,3
DA:323,0
DA:326,0
DA:327,0
DA:328,0
DA:329,0
DA:331,0
DA:336,0
DA:338,0
DA:339,0
DA:420,3
DA:426,0
DA:427,0
DA:430,0
DA:431,0
DA:434,0
DA:435,0
DA:438,0
DA:439,0
DA:442,0
DA:443,0
DA:446,0
DA:447,0
DA:450,0
DA:451,0
DA:454,0
DA:455,0
DA:458,0
DA:459,0
DA:462,0
DA:466,0
DA:511,3
DA:515,0
DA:516,0
DA:519,0
DA:522,0
DA:562,3
DA:563,0
DA:564,0
DA:567,0
DA:650,3
DA:657,0
DA:658,0
DA:659,0
DA:660,0
DA:661,0
DA:662,0
DA:663,0
DA:664,0
DA:665,0
DA:668,0
DA:676,0
DA:683,0
DA:687,0
DA:718,3
DA:719,0
DA:722,0
DA:728,0
DA:729,0
DA:730,0
DA:733,0
DA:735,0
DA:738,0
DA:739,0
DA:742,0
DA:743,0
DA:749,0
LF:100
LH:26
BRDA:326,0,0,0
BRDA:326,0,1,0
BRDA:327,1,0,0
BRDA:327,1,1,0
BRDA:329,2,0,0
BRDA:329,2,1,0
BRDA:336,3,0,0
BRDA:336,3,1,0
BRDA:426,4,0,0
BRDA:426,4,1,0
BRDA:430,5,0,0
BRDA:430,5,1,0
BRDA:434,6,0,0
BRDA:434,6,1,0
BRDA:438,7,0,0
BRDA:438,7,1,0
BRDA:442,8,0,0
BRDA:442,8,1,0
BRDA:446,9,0,0
BRDA:446,9,1,0
BRDA:450,10,0,0
BRDA:450,10,1,0
BRDA:454,11,0,0
BRDA:454,11,1,0
BRDA:458,12,0,0
BRDA:458,12,1,0
BRDA:668,13,0,0
BRDA:668,13,1,0
BRDA:669,14,0,0
BRDA:669,14,1,0
BRDA:669,14,2,0
BRDA:669,14,3,0
BRDA:669,14,4,0
BRDA:669,14,5,0
BRDA:729,15,0,0
BRDA:729,15,1,0
BRDA:738,16,0,0
BRDA:738,16,1,0
BRF:38
BRH:0
end_of_record
TN:
SF:routes/walks.js
FN:36,(anonymous_0)
FN:40,(anonymous_1)
FN:43,(anonymous_2)
FN:72,(anonymous_3)
FN:75,(anonymous_4)
FN:78,(anonymous_5)
FN:131,(anonymous_6)
FN:137,(anonymous_7)
FN:145,(anonymous_8)
FN:206,(anonymous_9)
FN:222,(anonymous_10)
FN:286,(anonymous_11)
FN:301,(anonymous_12)
FN:334,(anonymous_13)
FN:337,(anonymous_14)
FN:343,loadWalkFromParamsMiddleware
FN:353,(anonymous_16)
FN:364,walkNotFound
FNF:18
FNH:6
FNDA:0,(anonymous_0)
FNDA:0,(anonymous_1)
FNDA:0,(anonymous_2)
FNDA:0,(anonymous_3)
FNDA:0,(anonymous_4)
FNDA:0,(anonymous_5)
FNDA:0,(anonymous_6)
FNDA:0,(anonymous_7)
FNDA:0,(anonymous_8)
FNDA:0,(anonymous_9)
FNDA:0,(anonymous_10)
FNDA:1,(anonymous_11)
FNDA:1,(anonymous_12)
FNDA:1,(anonymous_13)
FNDA:1,(anonymous_14)
FNDA:2,loadWalkFromParamsMiddleware
FNDA:2,(anonymous_16)
FNDA:0,walkNotFound
DA:8,3
DA:10,3
DA:36,3
DA:37,0
DA:41,0
DA:44,0
DA:72,3
DA:73,0
DA:76,0
DA:79,0
DA:131,3
DA:133,0
DA:135,0
DA:138,0
DA:143,0
DA:146,0
DA:202,3
DA:208,0
DA:209,0
DA:212,0
DA:213,0
DA:216,0
DA:217,0
DA:220,0
DA:224,0
DA:282,3
DA:288,1
DA:289,1
DA:290,1
DA:293,1
DA:294,0
DA:299,1
DA:303,1
DA:334,3
DA:335,1
DA:338,1
DA:344,2
DA:345,2
DA:346,0
DA:349,2
DA:351,2
DA:354,2
DA:355,0
DA:358,2
DA:359,2
DA:365,0
LF:46
LH:23
BRDA:208,0,0,0
BRDA:208,0,1,0
BRDA:212,1,0,0
BRDA:212,1,1,0
BRDA:216,2,0,0
BRDA:216,2,1,0
BRDA:293,3,0,0
BRDA:293,3,1,1
BRDA:293,4,0,1
BRDA:293,4,1,1
BRDA:293,4,2,1
BRDA:345,5,0,0
BRDA:345,5,1,2
BRDA:354,6,0,0
BRDA:354,6,1,2
BRF:15
BRH:6
end_of_record
TN:
SF:utils/authenticate.js
FN:7,authenticate
FN:20,(anonymous_1)
FN:23,(anonymous_2)
FNF:3
FNH:1
FNDA:1,authenticate
FNDA:0,(anonymous_1)
FNDA:0,(anonymous_2)
DA:4,3
DA:5,3
DA:9,1
DA:10,1
DA:11,1
DA:14,0
DA:15,0
DA:16,0
DA:19,0
DA:20,0
DA:21,0
DA:22,0
DA:24,0
LF:13
LH:5
BRDA:4,0,0,3
BRDA:4,0,1,3
BRDA:10,1,0,1
BRDA:10,1,1,0
BRDA:15,2,0,0
BRDA:15,2,1,0
BRF:6
BRH:3
end_of_record
TN:
SF:utils/databaseoperations.js
FN:5,(anonymous_0)
FNF:1
FNH:1
FNDA:2,(anonymous_0)
DA:5,2
DA:6,2
LF:2
LH:2
BRF:0
BRH:0
end_of_record
TN:
SF:utils/geo.js
FN:2,validateGeoJsonCoordinates
FN:16,isLatitude
FN:20,isLongitude
FNF:3
FNH:3
FNDA:5,validateGeoJsonCoordinates
FNDA:5,isLatitude
FNDA:5,isLongitude
DA:3,5
DA:4,0
DA:7,5
DA:17,5
DA:21,5
LF:5
LH:4
BRDA:3,0,0,0
BRDA:3,0,1,5
BRDA:3,1,0,5
BRDA:3,1,1,5
BRDA:8,2,0,5
BRDA:8,2,1,5
BRDA:8,2,2,5
BRDA:8,2,3,5
BRDA:8,2,4,5
BRDA:17,3,0,5
BRDA:17,3,1,5
BRDA:21,4,0,5
BRDA:21,4,1,5
BRF:13
BRH:12
end_of_record
TN:
SF:utils/pagination.js
FN:5,getPaginationParameters
FN:21,addLinkHeader
FNF:2
FNH:2
FNDA:1,getPaginationParameters
FNDA:1,addLinkHeader
DA:7,1
DA:8,1
DA:9,1
DA:13,1
DA:14,1
DA:15,1
DA:18,1
DA:22,1
DA:23,1
DA:24,1
DA:27,1
DA:28,0
DA:29,0
DA:33,1
DA:34,0
DA:35,0
DA:40,1
DA:41,0
LF:18
LH:13
BRDA:8,0,0,1
BRDA:8,0,1,0
BRDA:8,1,0,1
BRDA:8,1,1,0
BRDA:14,2,0,1
BRDA:14,2,1,0
BRDA:14,3,0,1
BRDA:14,3,1,0
BRDA:14,3,2,0
BRDA:27,4,0,0
BRDA:27,4,1,1
BRDA:33,5,0,0
BRDA:33,5,1,1
BRDA:40,6,0,0
BRDA:40,6,1,1
BRF:15
BRH:7
end_of_record
TN:
SF:utils/requirejson.js
FN:1,requireJson
FNF:1
FNH:1
FNDA:1,requireJson
DA:2,1
DA:3,1
DA:6,0
DA:7,0
DA:8,0
LF:5
LH:2
BRDA:2,0,0,1
BRDA:2,0,1,0
BRF:2
BRH:1
end_of_record
